2015/01/23 20:31:27 [error] [exception.CHttpException.404] exception 'CHttpException' with message 'Unable to resolve the request "r=page".' in D:\проги\yii-1.1.16.bca042\framework\web\CWebApplication.php:286
Stack trace:
#0 D:\проги\yii-1.1.16.bca042\framework\web\CWebApplication.php(141): CWebApplication->runController('r=page')
#1 D:\проги\yii-1.1.16.bca042\framework\base\CApplication.php(184): CWebApplication->processRequest()
#2 Z:\home\localhost\www\index.php(13): CApplication->run()
#3 {main}
REQUEST_URI=/index.php/r=page
---
2015/01/23 20:40:26 [error] [exception.CHttpException.404] exception 'CHttpException' with message 'Unable to resolve the request "models".' in D:\проги\yii-1.1.16.bca042\framework\web\CWebApplication.php:286
Stack trace:
#0 D:\проги\yii-1.1.16.bca042\framework\web\CWebApplication.php(141): CWebApplication->runController('models')
#1 D:\проги\yii-1.1.16.bca042\framework\base\CApplication.php(184): CWebApplication->processRequest()
#2 Z:\home\localhost\www\index.php(13): CApplication->run()
#3 {main}
REQUEST_URI=/index.php?r=models
---
2015/01/24 10:16:18 [error] [exception.CHttpException.404] exception 'CHttpException' with message 'Unable to resolve the request "news/index".' in D:\проги\yii-1.1.16.bca042\framework\web\CWebApplication.php:286
Stack trace:
#0 D:\проги\yii-1.1.16.bca042\framework\web\CWebApplication.php(141): CWebApplication->runController('news/index')
#1 D:\проги\yii-1.1.16.bca042\framework\base\CApplication.php(184): CWebApplication->processRequest()
#2 Z:\home\localhost\www\index.php(13): CApplication->run()
#3 {main}
REQUEST_URI=/index.php?r=news/index
---
2015/01/24 11:40:20 [error] [exception.CHttpException.400] exception 'CHttpException' with message 'Your request is invalid.' in D:\проги\yii-1.1.16.bca042\framework\web\CController.php:336
Stack trace:
#0 D:\проги\yii-1.1.16.bca042\framework\web\CController.php(309): CController->invalidActionParams(Object(CInlineAction))
#1 D:\проги\yii-1.1.16.bca042\framework\web\filters\CFilterChain.php(133): CController->runAction(Object(CInlineAction))
#2 D:\проги\yii-1.1.16.bca042\framework\web\filters\CFilter.php(40): CFilterChain->run()
#3 D:\проги\yii-1.1.16.bca042\framework\web\CController.php(1145): CFilter->filter(Object(CFilterChain))
#4 D:\проги\yii-1.1.16.bca042\framework\web\filters\CInlineFilter.php(58): CController->filterAccessControl(Object(CFilterChain))
#5 D:\проги\yii-1.1.16.bca042\framework\web\filters\CFilterChain.php(130): CInlineFilter->filter(Object(CFilterChain))
#6 D:\проги\yii-1.1.16.bca042\framework\web\CController.php(291): CFilterChain->run()
#7 D:\проги\yii-1.1.16.bca042\framework\web\CController.php(265): CController->runActionWithFilters(Object(CInlineAction), Array)
#8 D:\проги\yii-1.1.16.bca042\framework\web\CWebApplication.php(282): CController->run('view')
#9 D:\проги\yii-1.1.16.bca042\framework\web\CWebApplication.php(141): CWebApplication->runController('article/view')
#10 D:\проги\yii-1.1.16.bca042\framework\base\CApplication.php(184): CWebApplication->processRequest()
#11 Z:\home\localhost\www\index.php(13): CApplication->run()
#12 {main}
REQUEST_URI=/index.php?r=article/view&title=article
HTTP_REFERER=http://localhost/index.php?r=article/index
---
2015/01/24 11:40:29 [error] [exception.CHttpException.400] exception 'CHttpException' with message 'Your request is invalid.' in D:\проги\yii-1.1.16.bca042\framework\web\CController.php:336
Stack trace:
#0 D:\проги\yii-1.1.16.bca042\framework\web\CController.php(309): CController->invalidActionParams(Object(CInlineAction))
#1 D:\проги\yii-1.1.16.bca042\framework\web\filters\CFilterChain.php(133): CController->runAction(Object(CInlineAction))
#2 D:\проги\yii-1.1.16.bca042\framework\web\filters\CFilter.php(40): CFilterChain->run()
#3 D:\проги\yii-1.1.16.bca042\framework\web\CController.php(1145): CFilter->filter(Object(CFilterChain))
#4 D:\проги\yii-1.1.16.bca042\framework\web\filters\CInlineFilter.php(58): CController->filterAccessControl(Object(CFilterChain))
#5 D:\проги\yii-1.1.16.bca042\framework\web\filters\CFilterChain.php(130): CInlineFilter->filter(Object(CFilterChain))
#6 D:\проги\yii-1.1.16.bca042\framework\web\CController.php(291): CFilterChain->run()
#7 D:\проги\yii-1.1.16.bca042\framework\web\CController.php(265): CController->runActionWithFilters(Object(CInlineAction), Array)
#8 D:\проги\yii-1.1.16.bca042\framework\web\CWebApplication.php(282): CController->run('view')
#9 D:\проги\yii-1.1.16.bca042\framework\web\CWebApplication.php(141): CWebApplication->runController('article/view')
#10 D:\проги\yii-1.1.16.bca042\framework\base\CApplication.php(184): CWebApplication->processRequest()
#11 Z:\home\localhost\www\index.php(13): CApplication->run()
#12 {main}
REQUEST_URI=/index.php?r=article/view&title=article2
HTTP_REFERER=http://localhost/index.php?r=article/index
---
2015/01/24 11:40:33 [error] [exception.CHttpException.400] exception 'CHttpException' with message 'Your request is invalid.' in D:\проги\yii-1.1.16.bca042\framework\web\CController.php:336
Stack trace:
#0 D:\проги\yii-1.1.16.bca042\framework\web\CController.php(309): CController->invalidActionParams(Object(CInlineAction))
#1 D:\проги\yii-1.1.16.bca042\framework\web\filters\CFilterChain.php(133): CController->runAction(Object(CInlineAction))
#2 D:\проги\yii-1.1.16.bca042\framework\web\filters\CFilter.php(40): CFilterChain->run()
#3 D:\проги\yii-1.1.16.bca042\framework\web\CController.php(1145): CFilter->filter(Object(CFilterChain))
#4 D:\проги\yii-1.1.16.bca042\framework\web\filters\CInlineFilter.php(58): CController->filterAccessControl(Object(CFilterChain))
#5 D:\проги\yii-1.1.16.bca042\framework\web\filters\CFilterChain.php(130): CInlineFilter->filter(Object(CFilterChain))
#6 D:\проги\yii-1.1.16.bca042\framework\web\CController.php(291): CFilterChain->run()
#7 D:\проги\yii-1.1.16.bca042\framework\web\CController.php(265): CController->runActionWithFilters(Object(CInlineAction), Array)
#8 D:\проги\yii-1.1.16.bca042\framework\web\CWebApplication.php(282): CController->run('view')
#9 D:\проги\yii-1.1.16.bca042\framework\web\CWebApplication.php(141): CWebApplication->runController('article/view')
#10 D:\проги\yii-1.1.16.bca042\framework\base\CApplication.php(184): CWebApplication->processRequest()
#11 Z:\home\localhost\www\index.php(13): CApplication->run()
#12 {main}
REQUEST_URI=/index.php?r=article/view&title=article2
HTTP_REFERER=http://localhost/index.php?r=article/index
---
2015/01/24 11:40:38 [error] [exception.CHttpException.400] exception 'CHttpException' with message 'Your request is invalid.' in D:\проги\yii-1.1.16.bca042\framework\web\CController.php:336
Stack trace:
#0 D:\проги\yii-1.1.16.bca042\framework\web\CController.php(309): CController->invalidActionParams(Object(CInlineAction))
#1 D:\проги\yii-1.1.16.bca042\framework\web\filters\CFilterChain.php(133): CController->runAction(Object(CInlineAction))
#2 D:\проги\yii-1.1.16.bca042\framework\web\filters\CFilter.php(40): CFilterChain->run()
#3 D:\проги\yii-1.1.16.bca042\framework\web\CController.php(1145): CFilter->filter(Object(CFilterChain))
#4 D:\проги\yii-1.1.16.bca042\framework\web\filters\CInlineFilter.php(58): CController->filterAccessControl(Object(CFilterChain))
#5 D:\проги\yii-1.1.16.bca042\framework\web\filters\CFilterChain.php(130): CInlineFilter->filter(Object(CFilterChain))
#6 D:\проги\yii-1.1.16.bca042\framework\web\CController.php(291): CFilterChain->run()
#7 D:\проги\yii-1.1.16.bca042\framework\web\CController.php(265): CController->runActionWithFilters(Object(CInlineAction), Array)
#8 D:\проги\yii-1.1.16.bca042\framework\web\CWebApplication.php(282): CController->run('view')
#9 D:\проги\yii-1.1.16.bca042\framework\web\CWebApplication.php(141): CWebApplication->runController('article/view')
#10 D:\проги\yii-1.1.16.bca042\framework\base\CApplication.php(184): CWebApplication->processRequest()
#11 Z:\home\localhost\www\index.php(13): CApplication->run()
#12 {main}
REQUEST_URI=/index.php?r=article/view&title=article2
HTTP_REFERER=http://localhost/index.php?r=article/index
---
2015/01/24 11:40:47 [error] [exception.CHttpException.400] exception 'CHttpException' with message 'Your request is invalid.' in D:\проги\yii-1.1.16.bca042\framework\web\CController.php:336
Stack trace:
#0 D:\проги\yii-1.1.16.bca042\framework\web\CController.php(309): CController->invalidActionParams(Object(CInlineAction))
#1 D:\проги\yii-1.1.16.bca042\framework\web\filters\CFilterChain.php(133): CController->runAction(Object(CInlineAction))
#2 D:\проги\yii-1.1.16.bca042\framework\web\filters\CFilter.php(40): CFilterChain->run()
#3 D:\проги\yii-1.1.16.bca042\framework\web\CController.php(1145): CFilter->filter(Object(CFilterChain))
#4 D:\проги\yii-1.1.16.bca042\framework\web\filters\CInlineFilter.php(58): CController->filterAccessControl(Object(CFilterChain))
#5 D:\проги\yii-1.1.16.bca042\framework\web\filters\CFilterChain.php(130): CInlineFilter->filter(Object(CFilterChain))
#6 D:\проги\yii-1.1.16.bca042\framework\web\CController.php(291): CFilterChain->run()
#7 D:\проги\yii-1.1.16.bca042\framework\web\CController.php(265): CController->runActionWithFilters(Object(CInlineAction), Array)
#8 D:\проги\yii-1.1.16.bca042\framework\web\CWebApplication.php(282): CController->run('view')
#9 D:\проги\yii-1.1.16.bca042\framework\web\CWebApplication.php(141): CWebApplication->runController('article/view')
#10 D:\проги\yii-1.1.16.bca042\framework\base\CApplication.php(184): CWebApplication->processRequest()
#11 Z:\home\localhost\www\index.php(13): CApplication->run()
#12 {main}
REQUEST_URI=/index.php?r=article/view&title=article
HTTP_REFERER=http://localhost/index.php?r=article/index
---
2015/01/24 11:41:25 [error] [exception.CHttpException.400] exception 'CHttpException' with message 'Your request is invalid.' in D:\проги\yii-1.1.16.bca042\framework\web\CController.php:336
Stack trace:
#0 D:\проги\yii-1.1.16.bca042\framework\web\CController.php(309): CController->invalidActionParams(Object(CInlineAction))
#1 D:\проги\yii-1.1.16.bca042\framework\web\filters\CFilterChain.php(133): CController->runAction(Object(CInlineAction))
#2 D:\проги\yii-1.1.16.bca042\framework\web\filters\CFilter.php(40): CFilterChain->run()
#3 D:\проги\yii-1.1.16.bca042\framework\web\CController.php(1145): CFilter->filter(Object(CFilterChain))
#4 D:\проги\yii-1.1.16.bca042\framework\web\filters\CInlineFilter.php(58): CController->filterAccessControl(Object(CFilterChain))
#5 D:\проги\yii-1.1.16.bca042\framework\web\filters\CFilterChain.php(130): CInlineFilter->filter(Object(CFilterChain))
#6 D:\проги\yii-1.1.16.bca042\framework\web\CController.php(291): CFilterChain->run()
#7 D:\проги\yii-1.1.16.bca042\framework\web\CController.php(265): CController->runActionWithFilters(Object(CInlineAction), Array)
#8 D:\проги\yii-1.1.16.bca042\framework\web\CWebApplication.php(282): CController->run('view')
#9 D:\проги\yii-1.1.16.bca042\framework\web\CWebApplication.php(141): CWebApplication->runController('article/view')
#10 D:\проги\yii-1.1.16.bca042\framework\base\CApplication.php(184): CWebApplication->processRequest()
#11 Z:\home\localhost\www\index.php(13): CApplication->run()
#12 {main}
REQUEST_URI=/index.php?r=article/view&title=article
HTTP_REFERER=http://localhost/index.php?r=article/index
---
2015/01/24 11:41:56 [error] [exception.CHttpException.400] exception 'CHttpException' with message 'Your request is invalid.' in D:\проги\yii-1.1.16.bca042\framework\web\CController.php:336
Stack trace:
#0 D:\проги\yii-1.1.16.bca042\framework\web\CController.php(309): CController->invalidActionParams(Object(CInlineAction))
#1 D:\проги\yii-1.1.16.bca042\framework\web\filters\CFilterChain.php(133): CController->runAction(Object(CInlineAction))
#2 D:\проги\yii-1.1.16.bca042\framework\web\filters\CFilter.php(40): CFilterChain->run()
#3 D:\проги\yii-1.1.16.bca042\framework\web\CController.php(1145): CFilter->filter(Object(CFilterChain))
#4 D:\проги\yii-1.1.16.bca042\framework\web\filters\CInlineFilter.php(58): CController->filterAccessControl(Object(CFilterChain))
#5 D:\проги\yii-1.1.16.bca042\framework\web\filters\CFilterChain.php(130): CInlineFilter->filter(Object(CFilterChain))
#6 D:\проги\yii-1.1.16.bca042\framework\web\CController.php(291): CFilterChain->run()
#7 D:\проги\yii-1.1.16.bca042\framework\web\CController.php(265): CController->runActionWithFilters(Object(CInlineAction), Array)
#8 D:\проги\yii-1.1.16.bca042\framework\web\CWebApplication.php(282): CController->run('view')
#9 D:\проги\yii-1.1.16.bca042\framework\web\CWebApplication.php(141): CWebApplication->runController('article/view')
#10 D:\проги\yii-1.1.16.bca042\framework\base\CApplication.php(184): CWebApplication->processRequest()
#11 Z:\home\localhost\www\index.php(13): CApplication->run()
#12 {main}
REQUEST_URI=/index.php?r=article/view&title=fdbfdbfdbbfsd
HTTP_REFERER=http://localhost/index.php?r=article/index
---
2015/01/24 11:42:01 [error] [exception.CHttpException.400] exception 'CHttpException' with message 'Your request is invalid.' in D:\проги\yii-1.1.16.bca042\framework\web\CController.php:336
Stack trace:
#0 D:\проги\yii-1.1.16.bca042\framework\web\CController.php(309): CController->invalidActionParams(Object(CInlineAction))
#1 D:\проги\yii-1.1.16.bca042\framework\web\filters\CFilterChain.php(133): CController->runAction(Object(CInlineAction))
#2 D:\проги\yii-1.1.16.bca042\framework\web\filters\CFilter.php(40): CFilterChain->run()
#3 D:\проги\yii-1.1.16.bca042\framework\web\CController.php(1145): CFilter->filter(Object(CFilterChain))
#4 D:\проги\yii-1.1.16.bca042\framework\web\filters\CInlineFilter.php(58): CController->filterAccessControl(Object(CFilterChain))
#5 D:\проги\yii-1.1.16.bca042\framework\web\filters\CFilterChain.php(130): CInlineFilter->filter(Object(CFilterChain))
#6 D:\проги\yii-1.1.16.bca042\framework\web\CController.php(291): CFilterChain->run()
#7 D:\проги\yii-1.1.16.bca042\framework\web\CController.php(265): CController->runActionWithFilters(Object(CInlineAction), Array)
#8 D:\проги\yii-1.1.16.bca042\framework\web\CWebApplication.php(282): CController->run('view')
#9 D:\проги\yii-1.1.16.bca042\framework\web\CWebApplication.php(141): CWebApplication->runController('article/view')
#10 D:\проги\yii-1.1.16.bca042\framework\base\CApplication.php(184): CWebApplication->processRequest()
#11 Z:\home\localhost\www\index.php(13): CApplication->run()
#12 {main}
REQUEST_URI=/index.php?r=article/view&title=xcbgfdsgfsd
HTTP_REFERER=http://localhost/index.php?r=article/index
---
2015/01/24 11:43:32 [error] [exception.CHttpException.400] exception 'CHttpException' with message 'Your request is invalid.' in D:\проги\yii-1.1.16.bca042\framework\web\CController.php:336
Stack trace:
#0 D:\проги\yii-1.1.16.bca042\framework\web\CController.php(309): CController->invalidActionParams(Object(CInlineAction))
#1 D:\проги\yii-1.1.16.bca042\framework\web\filters\CFilterChain.php(133): CController->runAction(Object(CInlineAction))
#2 D:\проги\yii-1.1.16.bca042\framework\web\filters\CFilter.php(40): CFilterChain->run()
#3 D:\проги\yii-1.1.16.bca042\framework\web\CController.php(1145): CFilter->filter(Object(CFilterChain))
#4 D:\проги\yii-1.1.16.bca042\framework\web\filters\CInlineFilter.php(58): CController->filterAccessControl(Object(CFilterChain))
#5 D:\проги\yii-1.1.16.bca042\framework\web\filters\CFilterChain.php(130): CInlineFilter->filter(Object(CFilterChain))
#6 D:\проги\yii-1.1.16.bca042\framework\web\CController.php(291): CFilterChain->run()
#7 D:\проги\yii-1.1.16.bca042\framework\web\CController.php(265): CController->runActionWithFilters(Object(CInlineAction), Array)
#8 D:\проги\yii-1.1.16.bca042\framework\web\CWebApplication.php(282): CController->run('view')
#9 D:\проги\yii-1.1.16.bca042\framework\web\CWebApplication.php(141): CWebApplication->runController('article/view')
#10 D:\проги\yii-1.1.16.bca042\framework\base\CApplication.php(184): CWebApplication->processRequest()
#11 Z:\home\localhost\www\index.php(13): CApplication->run()
#12 {main}
REQUEST_URI=/index.php?r=article/view&title=fdbfdbfdbbfsd
HTTP_REFERER=http://localhost/index.php?r=article/index
---
2015/01/24 11:47:08 [error] [exception.CHttpException.400] exception 'CHttpException' with message 'Your request is invalid.' in D:\проги\yii-1.1.16.bca042\framework\web\CController.php:336
Stack trace:
#0 D:\проги\yii-1.1.16.bca042\framework\web\CController.php(309): CController->invalidActionParams(Object(CInlineAction))
#1 D:\проги\yii-1.1.16.bca042\framework\web\filters\CFilterChain.php(133): CController->runAction(Object(CInlineAction))
#2 D:\проги\yii-1.1.16.bca042\framework\web\filters\CFilter.php(40): CFilterChain->run()
#3 D:\проги\yii-1.1.16.bca042\framework\web\CController.php(1145): CFilter->filter(Object(CFilterChain))
#4 D:\проги\yii-1.1.16.bca042\framework\web\filters\CInlineFilter.php(58): CController->filterAccessControl(Object(CFilterChain))
#5 D:\проги\yii-1.1.16.bca042\framework\web\filters\CFilterChain.php(130): CInlineFilter->filter(Object(CFilterChain))
#6 D:\проги\yii-1.1.16.bca042\framework\web\CController.php(291): CFilterChain->run()
#7 D:\проги\yii-1.1.16.bca042\framework\web\CController.php(265): CController->runActionWithFilters(Object(CInlineAction), Array)
#8 D:\проги\yii-1.1.16.bca042\framework\web\CWebApplication.php(282): CController->run('view')
#9 D:\проги\yii-1.1.16.bca042\framework\web\CWebApplication.php(141): CWebApplication->runController('article/view')
#10 D:\проги\yii-1.1.16.bca042\framework\base\CApplication.php(184): CWebApplication->processRequest()
#11 Z:\home\localhost\www\index.php(13): CApplication->run()
#12 {main}
REQUEST_URI=/index.php?r=article/view&text=fdbfdbfdbbfsd
HTTP_REFERER=http://localhost/index.php?r=article/index
---
2015/01/24 11:47:12 [error] [exception.CHttpException.400] exception 'CHttpException' with message 'Your request is invalid.' in D:\проги\yii-1.1.16.bca042\framework\web\CController.php:336
Stack trace:
#0 D:\проги\yii-1.1.16.bca042\framework\web\CController.php(309): CController->invalidActionParams(Object(CInlineAction))
#1 D:\проги\yii-1.1.16.bca042\framework\web\filters\CFilterChain.php(133): CController->runAction(Object(CInlineAction))
#2 D:\проги\yii-1.1.16.bca042\framework\web\filters\CFilter.php(40): CFilterChain->run()
#3 D:\проги\yii-1.1.16.bca042\framework\web\CController.php(1145): CFilter->filter(Object(CFilterChain))
#4 D:\проги\yii-1.1.16.bca042\framework\web\filters\CInlineFilter.php(58): CController->filterAccessControl(Object(CFilterChain))
#5 D:\проги\yii-1.1.16.bca042\framework\web\filters\CFilterChain.php(130): CInlineFilter->filter(Object(CFilterChain))
#6 D:\проги\yii-1.1.16.bca042\framework\web\CController.php(291): CFilterChain->run()
#7 D:\проги\yii-1.1.16.bca042\framework\web\CController.php(265): CController->runActionWithFilters(Object(CInlineAction), Array)
#8 D:\проги\yii-1.1.16.bca042\framework\web\CWebApplication.php(282): CController->run('view')
#9 D:\проги\yii-1.1.16.bca042\framework\web\CWebApplication.php(141): CWebApplication->runController('article/view')
#10 D:\проги\yii-1.1.16.bca042\framework\base\CApplication.php(184): CWebApplication->processRequest()
#11 Z:\home\localhost\www\index.php(13): CApplication->run()
#12 {main}
REQUEST_URI=/index.php?r=article/view&text=xcbgfdsgfsd
HTTP_REFERER=http://localhost/index.php?r=article/index
---
2015/01/27 23:06:38 [error] [exception.CException] exception 'CException' with message 'Property "CDbCriteria.0" is not defined.' in D:\проги\yii-1.1.16.bca042\framework\base\CComponent.php:173
Stack trace:
#0 D:\проги\yii-1.1.16.bca042\framework\db\schema\CDbCriteria.php(160): CComponent->__set('0', 'id<num')
#1 D:\проги\yii-1.1.16.bca042\framework\db\schema\CDbCommandBuilder.php(588): CDbCriteria->__construct(Array)
#2 D:\проги\yii-1.1.16.bca042\framework\db\ar\CActiveRecord.php(1460): CDbCommandBuilder->createCriteria(Array, Array)
#3 Z:\home\localhost\www\protected\controllers\BookController.php(9): CActiveRecord->find(Array, Array)
#4 D:\проги\yii-1.1.16.bca042\framework\web\actions\CInlineAction.php(49): BookController->actionIndex()
#5 D:\проги\yii-1.1.16.bca042\framework\web\CController.php(308): CInlineAction->runWithParams(Array)
#6 D:\проги\yii-1.1.16.bca042\framework\web\CController.php(286): CController->runAction(Object(CInlineAction))
#7 D:\проги\yii-1.1.16.bca042\framework\web\CController.php(265): CController->runActionWithFilters(Object(CInlineAction), Array)
#8 D:\проги\yii-1.1.16.bca042\framework\web\CWebApplication.php(282): CController->run('')
#9 D:\проги\yii-1.1.16.bca042\framework\web\CWebApplication.php(141): CWebApplication->runController('Book')
#10 D:\проги\yii-1.1.16.bca042\framework\base\CApplication.php(184): CWebApplication->processRequest()
#11 Z:\home\localhost\www\index.php(13): CApplication->run()
#12 {main}
REQUEST_URI=/index.php?r=Book
---
2015/01/27 23:07:17 [error] [system.db.CDbCommand] CDbCommand::fetch() failed: SQLSTATE[42S22]: Column not found: 1054 Unknown column 'num' in 'where clause'. The SQL statement executed was: SELECT * FROM `book` `t` WHERE id<num LIMIT 1.
in Z:\home\localhost\www\protected\controllers\BookController.php (9)
in Z:\home\localhost\www\index.php (13)
2015/01/27 23:07:17 [error] [exception.CDbException] exception 'CDbException' with message 'CDbCommand failed to execute the SQL statement: SQLSTATE[42S22]: Column not found: 1054 Unknown column 'num' in 'where clause'. The SQL statement executed was: SELECT * FROM `book` `t` WHERE id<num LIMIT 1' in D:\проги\yii-1.1.16.bca042\framework\db\CDbCommand.php:543
Stack trace:
#0 D:\проги\yii-1.1.16.bca042\framework\db\CDbCommand.php(415): CDbCommand->queryInternal('fetch', Array, Array)
#1 D:\проги\yii-1.1.16.bca042\framework\db\ar\CActiveRecord.php(1356): CDbCommand->queryRow()
#2 D:\проги\yii-1.1.16.bca042\framework\db\ar\CActiveRecord.php(1461): CActiveRecord->query(Object(CDbCriteria))
#3 Z:\home\localhost\www\protected\controllers\BookController.php(9): CActiveRecord->find('id<num', Array)
#4 D:\проги\yii-1.1.16.bca042\framework\web\actions\CInlineAction.php(49): BookController->actionIndex()
#5 D:\проги\yii-1.1.16.bca042\framework\web\CController.php(308): CInlineAction->runWithParams(Array)
#6 D:\проги\yii-1.1.16.bca042\framework\web\CController.php(286): CController->runAction(Object(CInlineAction))
#7 D:\проги\yii-1.1.16.bca042\framework\web\CController.php(265): CController->runActionWithFilters(Object(CInlineAction), Array)
#8 D:\проги\yii-1.1.16.bca042\framework\web\CWebApplication.php(282): CController->run('')
#9 D:\проги\yii-1.1.16.bca042\framework\web\CWebApplication.php(141): CWebApplication->runController('Book')
#10 D:\проги\yii-1.1.16.bca042\framework\base\CApplication.php(184): CWebApplication->processRequest()
#11 Z:\home\localhost\www\index.php(13): CApplication->run()
#12 {main}
REQUEST_URI=/index.php?r=Book
---
2015/01/27 23:07:19 [error] [system.db.CDbCommand] CDbCommand::fetch() failed: SQLSTATE[42S22]: Column not found: 1054 Unknown column 'num' in 'where clause'. The SQL statement executed was: SELECT * FROM `book` `t` WHERE id<num LIMIT 1.
in Z:\home\localhost\www\protected\controllers\BookController.php (9)
in Z:\home\localhost\www\index.php (13)
2015/01/27 23:07:19 [error] [exception.CDbException] exception 'CDbException' with message 'CDbCommand failed to execute the SQL statement: SQLSTATE[42S22]: Column not found: 1054 Unknown column 'num' in 'where clause'. The SQL statement executed was: SELECT * FROM `book` `t` WHERE id<num LIMIT 1' in D:\проги\yii-1.1.16.bca042\framework\db\CDbCommand.php:543
Stack trace:
#0 D:\проги\yii-1.1.16.bca042\framework\db\CDbCommand.php(415): CDbCommand->queryInternal('fetch', Array, Array)
#1 D:\проги\yii-1.1.16.bca042\framework\db\ar\CActiveRecord.php(1356): CDbCommand->queryRow()
#2 D:\проги\yii-1.1.16.bca042\framework\db\ar\CActiveRecord.php(1461): CActiveRecord->query(Object(CDbCriteria))
#3 Z:\home\localhost\www\protected\controllers\BookController.php(9): CActiveRecord->find('id<num', Array)
#4 D:\проги\yii-1.1.16.bca042\framework\web\actions\CInlineAction.php(49): BookController->actionIndex()
#5 D:\проги\yii-1.1.16.bca042\framework\web\CController.php(308): CInlineAction->runWithParams(Array)
#6 D:\проги\yii-1.1.16.bca042\framework\web\CController.php(286): CController->runAction(Object(CInlineAction))
#7 D:\проги\yii-1.1.16.bca042\framework\web\CController.php(265): CController->runActionWithFilters(Object(CInlineAction), Array)
#8 D:\проги\yii-1.1.16.bca042\framework\web\CWebApplication.php(282): CController->run('')
#9 D:\проги\yii-1.1.16.bca042\framework\web\CWebApplication.php(141): CWebApplication->runController('Book')
#10 D:\проги\yii-1.1.16.bca042\framework\base\CApplication.php(184): CWebApplication->processRequest()
#11 Z:\home\localhost\www\index.php(13): CApplication->run()
#12 {main}
REQUEST_URI=/index.php?r=Book
---
2015/01/27 23:09:37 [error] [exception.CException] exception 'CException' with message 'Property "CDbCriteria.0" is not defined.' in D:\проги\yii-1.1.16.bca042\framework\base\CComponent.php:173
Stack trace:
#0 D:\проги\yii-1.1.16.bca042\framework\db\schema\CDbCriteria.php(160): CComponent->__set('0', 'id<num')
#1 D:\проги\yii-1.1.16.bca042\framework\db\schema\CDbCommandBuilder.php(588): CDbCriteria->__construct(Array)
#2 D:\проги\yii-1.1.16.bca042\framework\db\ar\CActiveRecord.php(1460): CDbCommandBuilder->createCriteria(Array, Array)
#3 Z:\home\localhost\www\protected\controllers\BookController.php(9): CActiveRecord->find(Array, Array)
#4 D:\проги\yii-1.1.16.bca042\framework\web\actions\CInlineAction.php(49): BookController->actionIndex()
#5 D:\проги\yii-1.1.16.bca042\framework\web\CController.php(308): CInlineAction->runWithParams(Array)
#6 D:\проги\yii-1.1.16.bca042\framework\web\CController.php(286): CController->runAction(Object(CInlineAction))
#7 D:\проги\yii-1.1.16.bca042\framework\web\CController.php(265): CController->runActionWithFilters(Object(CInlineAction), Array)
#8 D:\проги\yii-1.1.16.bca042\framework\web\CWebApplication.php(282): CController->run('')
#9 D:\проги\yii-1.1.16.bca042\framework\web\CWebApplication.php(141): CWebApplication->runController('Book')
#10 D:\проги\yii-1.1.16.bca042\framework\base\CApplication.php(184): CWebApplication->processRequest()
#11 Z:\home\localhost\www\index.php(13): CApplication->run()
#12 {main}
REQUEST_URI=/index.php?r=Book
---
2015/01/27 23:09:52 [error] [system.db.CDbCommand] CDbCommand::fetch() failed: SQLSTATE[42S22]: Column not found: 1054 Unknown column 'num' in 'where clause'. The SQL statement executed was: SELECT * FROM `book` `t` WHERE id<num LIMIT 1.
in Z:\home\localhost\www\protected\controllers\BookController.php (9)
in Z:\home\localhost\www\index.php (13)
2015/01/27 23:09:52 [error] [exception.CDbException] exception 'CDbException' with message 'CDbCommand failed to execute the SQL statement: SQLSTATE[42S22]: Column not found: 1054 Unknown column 'num' in 'where clause'. The SQL statement executed was: SELECT * FROM `book` `t` WHERE id<num LIMIT 1' in D:\проги\yii-1.1.16.bca042\framework\db\CDbCommand.php:543
Stack trace:
#0 D:\проги\yii-1.1.16.bca042\framework\db\CDbCommand.php(415): CDbCommand->queryInternal('fetch', Array, Array)
#1 D:\проги\yii-1.1.16.bca042\framework\db\ar\CActiveRecord.php(1356): CDbCommand->queryRow()
#2 D:\проги\yii-1.1.16.bca042\framework\db\ar\CActiveRecord.php(1461): CActiveRecord->query(Object(CDbCriteria))
#3 Z:\home\localhost\www\protected\controllers\BookController.php(9): CActiveRecord->find('id<num', Array)
#4 D:\проги\yii-1.1.16.bca042\framework\web\actions\CInlineAction.php(49): BookController->actionIndex()
#5 D:\проги\yii-1.1.16.bca042\framework\web\CController.php(308): CInlineAction->runWithParams(Array)
#6 D:\проги\yii-1.1.16.bca042\framework\web\CController.php(286): CController->runAction(Object(CInlineAction))
#7 D:\проги\yii-1.1.16.bca042\framework\web\CController.php(265): CController->runActionWithFilters(Object(CInlineAction), Array)
#8 D:\проги\yii-1.1.16.bca042\framework\web\CWebApplication.php(282): CController->run('')
#9 D:\проги\yii-1.1.16.bca042\framework\web\CWebApplication.php(141): CWebApplication->runController('Book')
#10 D:\проги\yii-1.1.16.bca042\framework\base\CApplication.php(184): CWebApplication->processRequest()
#11 Z:\home\localhost\www\index.php(13): CApplication->run()
#12 {main}
REQUEST_URI=/index.php?r=Book
---
2015/01/27 23:09:54 [error] [system.db.CDbCommand] CDbCommand::fetch() failed: SQLSTATE[42S22]: Column not found: 1054 Unknown column 'num' in 'where clause'. The SQL statement executed was: SELECT * FROM `book` `t` WHERE id<num LIMIT 1.
in Z:\home\localhost\www\protected\controllers\BookController.php (9)
in Z:\home\localhost\www\index.php (13)
2015/01/27 23:09:54 [error] [exception.CDbException] exception 'CDbException' with message 'CDbCommand failed to execute the SQL statement: SQLSTATE[42S22]: Column not found: 1054 Unknown column 'num' in 'where clause'. The SQL statement executed was: SELECT * FROM `book` `t` WHERE id<num LIMIT 1' in D:\проги\yii-1.1.16.bca042\framework\db\CDbCommand.php:543
Stack trace:
#0 D:\проги\yii-1.1.16.bca042\framework\db\CDbCommand.php(415): CDbCommand->queryInternal('fetch', Array, Array)
#1 D:\проги\yii-1.1.16.bca042\framework\db\ar\CActiveRecord.php(1356): CDbCommand->queryRow()
#2 D:\проги\yii-1.1.16.bca042\framework\db\ar\CActiveRecord.php(1461): CActiveRecord->query(Object(CDbCriteria))
#3 Z:\home\localhost\www\protected\controllers\BookController.php(9): CActiveRecord->find('id<num', Array)
#4 D:\проги\yii-1.1.16.bca042\framework\web\actions\CInlineAction.php(49): BookController->actionIndex()
#5 D:\проги\yii-1.1.16.bca042\framework\web\CController.php(308): CInlineAction->runWithParams(Array)
#6 D:\проги\yii-1.1.16.bca042\framework\web\CController.php(286): CController->runAction(Object(CInlineAction))
#7 D:\проги\yii-1.1.16.bca042\framework\web\CController.php(265): CController->runActionWithFilters(Object(CInlineAction), Array)
#8 D:\проги\yii-1.1.16.bca042\framework\web\CWebApplication.php(282): CController->run('')
#9 D:\проги\yii-1.1.16.bca042\framework\web\CWebApplication.php(141): CWebApplication->runController('Book')
#10 D:\проги\yii-1.1.16.bca042\framework\base\CApplication.php(184): CWebApplication->processRequest()
#11 Z:\home\localhost\www\index.php(13): CApplication->run()
#12 {main}
REQUEST_URI=/index.php?r=Book
---
2015/01/27 23:11:22 [error] [system.db.CDbCommand] CDbCommand::fetch() failed: SQLSTATE[42S22]: Column not found: 1054 Unknown column 'num' in 'where clause'. The SQL statement executed was: SELECT * FROM `book` `t` WHERE id<num LIMIT 1.
in Z:\home\localhost\www\protected\controllers\BookController.php (9)
in Z:\home\localhost\www\index.php (13)
2015/01/27 23:11:22 [error] [exception.CDbException] exception 'CDbException' with message 'CDbCommand failed to execute the SQL statement: SQLSTATE[42S22]: Column not found: 1054 Unknown column 'num' in 'where clause'. The SQL statement executed was: SELECT * FROM `book` `t` WHERE id<num LIMIT 1' in D:\проги\yii-1.1.16.bca042\framework\db\CDbCommand.php:543
Stack trace:
#0 D:\проги\yii-1.1.16.bca042\framework\db\CDbCommand.php(415): CDbCommand->queryInternal('fetch', Array, Array)
#1 D:\проги\yii-1.1.16.bca042\framework\db\ar\CActiveRecord.php(1356): CDbCommand->queryRow()
#2 D:\проги\yii-1.1.16.bca042\framework\db\ar\CActiveRecord.php(1461): CActiveRecord->query(Object(CDbCriteria))
#3 Z:\home\localhost\www\protected\controllers\BookController.php(9): CActiveRecord->find('id<num', Array)
#4 D:\проги\yii-1.1.16.bca042\framework\web\actions\CInlineAction.php(49): BookController->actionIndex()
#5 D:\проги\yii-1.1.16.bca042\framework\web\CController.php(308): CInlineAction->runWithParams(Array)
#6 D:\проги\yii-1.1.16.bca042\framework\web\CController.php(286): CController->runAction(Object(CInlineAction))
#7 D:\проги\yii-1.1.16.bca042\framework\web\CController.php(265): CController->runActionWithFilters(Object(CInlineAction), Array)
#8 D:\проги\yii-1.1.16.bca042\framework\web\CWebApplication.php(282): CController->run('')
#9 D:\проги\yii-1.1.16.bca042\framework\web\CWebApplication.php(141): CWebApplication->runController('Book')
#10 D:\проги\yii-1.1.16.bca042\framework\base\CApplication.php(184): CWebApplication->processRequest()
#11 Z:\home\localhost\www\index.php(13): CApplication->run()
#12 {main}
REQUEST_URI=/index.php?r=Book
---
2015/01/27 23:11:25 [error] [system.db.CDbCommand] CDbCommand::fetch() failed: SQLSTATE[42S22]: Column not found: 1054 Unknown column 'num' in 'where clause'. The SQL statement executed was: SELECT * FROM `book` `t` WHERE id<num LIMIT 1.
in Z:\home\localhost\www\protected\controllers\BookController.php (9)
in Z:\home\localhost\www\index.php (13)
2015/01/27 23:11:25 [error] [exception.CDbException] exception 'CDbException' with message 'CDbCommand failed to execute the SQL statement: SQLSTATE[42S22]: Column not found: 1054 Unknown column 'num' in 'where clause'. The SQL statement executed was: SELECT * FROM `book` `t` WHERE id<num LIMIT 1' in D:\проги\yii-1.1.16.bca042\framework\db\CDbCommand.php:543
Stack trace:
#0 D:\проги\yii-1.1.16.bca042\framework\db\CDbCommand.php(415): CDbCommand->queryInternal('fetch', Array, Array)
#1 D:\проги\yii-1.1.16.bca042\framework\db\ar\CActiveRecord.php(1356): CDbCommand->queryRow()
#2 D:\проги\yii-1.1.16.bca042\framework\db\ar\CActiveRecord.php(1461): CActiveRecord->query(Object(CDbCriteria))
#3 Z:\home\localhost\www\protected\controllers\BookController.php(9): CActiveRecord->find('id<num', Array)
#4 D:\проги\yii-1.1.16.bca042\framework\web\actions\CInlineAction.php(49): BookController->actionIndex()
#5 D:\проги\yii-1.1.16.bca042\framework\web\CController.php(308): CInlineAction->runWithParams(Array)
#6 D:\проги\yii-1.1.16.bca042\framework\web\CController.php(286): CController->runAction(Object(CInlineAction))
#7 D:\проги\yii-1.1.16.bca042\framework\web\CController.php(265): CController->runActionWithFilters(Object(CInlineAction), Array)
#8 D:\проги\yii-1.1.16.bca042\framework\web\CWebApplication.php(282): CController->run('')
#9 D:\проги\yii-1.1.16.bca042\framework\web\CWebApplication.php(141): CWebApplication->runController('Book')
#10 D:\проги\yii-1.1.16.bca042\framework\base\CApplication.php(184): CWebApplication->processRequest()
#11 Z:\home\localhost\www\index.php(13): CApplication->run()
#12 {main}
REQUEST_URI=/index.php?r=Book
---
2015/01/27 23:12:50 [error] [system.db.CDbCommand] CDbCommand::fetch() failed: SQLSTATE[42S22]: Column not found: 1054 Unknown column 'num' in 'where clause'. The SQL statement executed was: SELECT * FROM `book` `t` WHERE id<num LIMIT 1.
in Z:\home\localhost\www\protected\controllers\BookController.php (8)
in Z:\home\localhost\www\index.php (13)
2015/01/27 23:12:50 [error] [exception.CDbException] exception 'CDbException' with message 'CDbCommand failed to execute the SQL statement: SQLSTATE[42S22]: Column not found: 1054 Unknown column 'num' in 'where clause'. The SQL statement executed was: SELECT * FROM `book` `t` WHERE id<num LIMIT 1' in D:\проги\yii-1.1.16.bca042\framework\db\CDbCommand.php:543
Stack trace:
#0 D:\проги\yii-1.1.16.bca042\framework\db\CDbCommand.php(415): CDbCommand->queryInternal('fetch', Array, Array)
#1 D:\проги\yii-1.1.16.bca042\framework\db\ar\CActiveRecord.php(1356): CDbCommand->queryRow()
#2 D:\проги\yii-1.1.16.bca042\framework\db\ar\CActiveRecord.php(1461): CActiveRecord->query(Object(CDbCriteria))
#3 Z:\home\localhost\www\protected\controllers\BookController.php(8): CActiveRecord->find('id<num', Array)
#4 D:\проги\yii-1.1.16.bca042\framework\web\actions\CInlineAction.php(49): BookController->actionIndex()
#5 D:\проги\yii-1.1.16.bca042\framework\web\CController.php(308): CInlineAction->runWithParams(Array)
#6 D:\проги\yii-1.1.16.bca042\framework\web\CController.php(286): CController->runAction(Object(CInlineAction))
#7 D:\проги\yii-1.1.16.bca042\framework\web\CController.php(265): CController->runActionWithFilters(Object(CInlineAction), Array)
#8 D:\проги\yii-1.1.16.bca042\framework\web\CWebApplication.php(282): CController->run('')
#9 D:\проги\yii-1.1.16.bca042\framework\web\CWebApplication.php(141): CWebApplication->runController('Book')
#10 D:\проги\yii-1.1.16.bca042\framework\base\CApplication.php(184): CWebApplication->processRequest()
#11 Z:\home\localhost\www\index.php(13): CApplication->run()
#12 {main}
REQUEST_URI=/index.php?r=Book
---
2015/01/27 23:12:52 [error] [system.db.CDbCommand] CDbCommand::fetch() failed: SQLSTATE[42S22]: Column not found: 1054 Unknown column 'num' in 'where clause'. The SQL statement executed was: SELECT * FROM `book` `t` WHERE id<num LIMIT 1.
in Z:\home\localhost\www\protected\controllers\BookController.php (8)
in Z:\home\localhost\www\index.php (13)
2015/01/27 23:12:52 [error] [exception.CDbException] exception 'CDbException' with message 'CDbCommand failed to execute the SQL statement: SQLSTATE[42S22]: Column not found: 1054 Unknown column 'num' in 'where clause'. The SQL statement executed was: SELECT * FROM `book` `t` WHERE id<num LIMIT 1' in D:\проги\yii-1.1.16.bca042\framework\db\CDbCommand.php:543
Stack trace:
#0 D:\проги\yii-1.1.16.bca042\framework\db\CDbCommand.php(415): CDbCommand->queryInternal('fetch', Array, Array)
#1 D:\проги\yii-1.1.16.bca042\framework\db\ar\CActiveRecord.php(1356): CDbCommand->queryRow()
#2 D:\проги\yii-1.1.16.bca042\framework\db\ar\CActiveRecord.php(1461): CActiveRecord->query(Object(CDbCriteria))
#3 Z:\home\localhost\www\protected\controllers\BookController.php(8): CActiveRecord->find('id<num', Array)
#4 D:\проги\yii-1.1.16.bca042\framework\web\actions\CInlineAction.php(49): BookController->actionIndex()
#5 D:\проги\yii-1.1.16.bca042\framework\web\CController.php(308): CInlineAction->runWithParams(Array)
#6 D:\проги\yii-1.1.16.bca042\framework\web\CController.php(286): CController->runAction(Object(CInlineAction))
#7 D:\проги\yii-1.1.16.bca042\framework\web\CController.php(265): CController->runActionWithFilters(Object(CInlineAction), Array)
#8 D:\проги\yii-1.1.16.bca042\framework\web\CWebApplication.php(282): CController->run('')
#9 D:\проги\yii-1.1.16.bca042\framework\web\CWebApplication.php(141): CWebApplication->runController('Book')
#10 D:\проги\yii-1.1.16.bca042\framework\base\CApplication.php(184): CWebApplication->processRequest()
#11 Z:\home\localhost\www\index.php(13): CApplication->run()
#12 {main}
REQUEST_URI=/index.php?r=Book
---
2015/01/27 23:12:53 [error] [system.db.CDbCommand] CDbCommand::fetch() failed: SQLSTATE[42S22]: Column not found: 1054 Unknown column 'num' in 'where clause'. The SQL statement executed was: SELECT * FROM `book` `t` WHERE id<num LIMIT 1.
in Z:\home\localhost\www\protected\controllers\BookController.php (8)
in Z:\home\localhost\www\index.php (13)
2015/01/27 23:12:53 [error] [exception.CDbException] exception 'CDbException' with message 'CDbCommand failed to execute the SQL statement: SQLSTATE[42S22]: Column not found: 1054 Unknown column 'num' in 'where clause'. The SQL statement executed was: SELECT * FROM `book` `t` WHERE id<num LIMIT 1' in D:\проги\yii-1.1.16.bca042\framework\db\CDbCommand.php:543
Stack trace:
#0 D:\проги\yii-1.1.16.bca042\framework\db\CDbCommand.php(415): CDbCommand->queryInternal('fetch', Array, Array)
#1 D:\проги\yii-1.1.16.bca042\framework\db\ar\CActiveRecord.php(1356): CDbCommand->queryRow()
#2 D:\проги\yii-1.1.16.bca042\framework\db\ar\CActiveRecord.php(1461): CActiveRecord->query(Object(CDbCriteria))
#3 Z:\home\localhost\www\protected\controllers\BookController.php(8): CActiveRecord->find('id<num', Array)
#4 D:\проги\yii-1.1.16.bca042\framework\web\actions\CInlineAction.php(49): BookController->actionIndex()
#5 D:\проги\yii-1.1.16.bca042\framework\web\CController.php(308): CInlineAction->runWithParams(Array)
#6 D:\проги\yii-1.1.16.bca042\framework\web\CController.php(286): CController->runAction(Object(CInlineAction))
#7 D:\проги\yii-1.1.16.bca042\framework\web\CController.php(265): CController->runActionWithFilters(Object(CInlineAction), Array)
#8 D:\проги\yii-1.1.16.bca042\framework\web\CWebApplication.php(282): CController->run('')
#9 D:\проги\yii-1.1.16.bca042\framework\web\CWebApplication.php(141): CWebApplication->runController('Book')
#10 D:\проги\yii-1.1.16.bca042\framework\base\CApplication.php(184): CWebApplication->processRequest()
#11 Z:\home\localhost\www\index.php(13): CApplication->run()
#12 {main}
REQUEST_URI=/index.php?r=Book
---
2015/01/27 23:35:04 [error] [exception.CDbException] exception 'CDbException' with message 'Table "book" does not have a column named "0".' in D:\проги\yii-1.1.16.bca042\framework\db\schema\CDbCommandBuilder.php:697
Stack trace:
#0 D:\проги\yii-1.1.16.bca042\framework\db\ar\CActiveRecord.php(1540): CDbCommandBuilder->createColumnCriteria(Object(CMysqlTableSchema), Array, '', Array, '`t`.')
#1 Z:\home\localhost\www\protected\controllers\BookController.php(8): CActiveRecord->findAllByAttributes(Array)
#2 D:\проги\yii-1.1.16.bca042\framework\web\actions\CInlineAction.php(49): BookController->actionIndex()
#3 D:\проги\yii-1.1.16.bca042\framework\web\CController.php(308): CInlineAction->runWithParams(Array)
#4 D:\проги\yii-1.1.16.bca042\framework\web\CController.php(286): CController->runAction(Object(CInlineAction))
#5 D:\проги\yii-1.1.16.bca042\framework\web\CController.php(265): CController->runActionWithFilters(Object(CInlineAction), Array)
#6 D:\проги\yii-1.1.16.bca042\framework\web\CWebApplication.php(282): CController->run('')
#7 D:\проги\yii-1.1.16.bca042\framework\web\CWebApplication.php(141): CWebApplication->runController('Book')
#8 D:\проги\yii-1.1.16.bca042\framework\base\CApplication.php(184): CWebApplication->processRequest()
#9 Z:\home\localhost\www\index.php(13): CApplication->run()
#10 {main}
REQUEST_URI=/index.php?r=Book
---
2015/01/27 23:35:54 [error] [exception.CDbException] exception 'CDbException' with message 'Table "book" does not have a column named "0".' in D:\проги\yii-1.1.16.bca042\framework\db\schema\CDbCommandBuilder.php:697
Stack trace:
#0 D:\проги\yii-1.1.16.bca042\framework\db\ar\CActiveRecord.php(1540): CDbCommandBuilder->createColumnCriteria(Object(CMysqlTableSchema), Array, '', Array, '`t`.')
#1 Z:\home\localhost\www\protected\controllers\BookController.php(8): CActiveRecord->findAllByAttributes(Array)
#2 D:\проги\yii-1.1.16.bca042\framework\web\actions\CInlineAction.php(49): BookController->actionIndex()
#3 D:\проги\yii-1.1.16.bca042\framework\web\CController.php(308): CInlineAction->runWithParams(Array)
#4 D:\проги\yii-1.1.16.bca042\framework\web\CController.php(286): CController->runAction(Object(CInlineAction))
#5 D:\проги\yii-1.1.16.bca042\framework\web\CController.php(265): CController->runActionWithFilters(Object(CInlineAction), Array)
#6 D:\проги\yii-1.1.16.bca042\framework\web\CWebApplication.php(282): CController->run('')
#7 D:\проги\yii-1.1.16.bca042\framework\web\CWebApplication.php(141): CWebApplication->runController('Book')
#8 D:\проги\yii-1.1.16.bca042\framework\base\CApplication.php(184): CWebApplication->processRequest()
#9 Z:\home\localhost\www\index.php(13): CApplication->run()
#10 {main}
REQUEST_URI=/index.php?r=Book
---
2015/01/27 23:35:56 [error] [exception.CDbException] exception 'CDbException' with message 'Table "book" does not have a column named "0".' in D:\проги\yii-1.1.16.bca042\framework\db\schema\CDbCommandBuilder.php:697
Stack trace:
#0 D:\проги\yii-1.1.16.bca042\framework\db\ar\CActiveRecord.php(1540): CDbCommandBuilder->createColumnCriteria(Object(CMysqlTableSchema), Array, '', Array, '`t`.')
#1 Z:\home\localhost\www\protected\controllers\BookController.php(8): CActiveRecord->findAllByAttributes(Array)
#2 D:\проги\yii-1.1.16.bca042\framework\web\actions\CInlineAction.php(49): BookController->actionIndex()
#3 D:\проги\yii-1.1.16.bca042\framework\web\CController.php(308): CInlineAction->runWithParams(Array)
#4 D:\проги\yii-1.1.16.bca042\framework\web\CController.php(286): CController->runAction(Object(CInlineAction))
#5 D:\проги\yii-1.1.16.bca042\framework\web\CController.php(265): CController->runActionWithFilters(Object(CInlineAction), Array)
#6 D:\проги\yii-1.1.16.bca042\framework\web\CWebApplication.php(282): CController->run('')
#7 D:\проги\yii-1.1.16.bca042\framework\web\CWebApplication.php(141): CWebApplication->runController('Book')
#8 D:\проги\yii-1.1.16.bca042\framework\base\CApplication.php(184): CWebApplication->processRequest()
#9 Z:\home\localhost\www\index.php(13): CApplication->run()
#10 {main}
REQUEST_URI=/index.php?r=Book
---
2015/01/27 23:35:57 [error] [exception.CDbException] exception 'CDbException' with message 'Table "book" does not have a column named "0".' in D:\проги\yii-1.1.16.bca042\framework\db\schema\CDbCommandBuilder.php:697
Stack trace:
#0 D:\проги\yii-1.1.16.bca042\framework\db\ar\CActiveRecord.php(1540): CDbCommandBuilder->createColumnCriteria(Object(CMysqlTableSchema), Array, '', Array, '`t`.')
#1 Z:\home\localhost\www\protected\controllers\BookController.php(8): CActiveRecord->findAllByAttributes(Array)
#2 D:\проги\yii-1.1.16.bca042\framework\web\actions\CInlineAction.php(49): BookController->actionIndex()
#3 D:\проги\yii-1.1.16.bca042\framework\web\CController.php(308): CInlineAction->runWithParams(Array)
#4 D:\проги\yii-1.1.16.bca042\framework\web\CController.php(286): CController->runAction(Object(CInlineAction))
#5 D:\проги\yii-1.1.16.bca042\framework\web\CController.php(265): CController->runActionWithFilters(Object(CInlineAction), Array)
#6 D:\проги\yii-1.1.16.bca042\framework\web\CWebApplication.php(282): CController->run('')
#7 D:\проги\yii-1.1.16.bca042\framework\web\CWebApplication.php(141): CWebApplication->runController('Book')
#8 D:\проги\yii-1.1.16.bca042\framework\base\CApplication.php(184): CWebApplication->processRequest()
#9 Z:\home\localhost\www\index.php(13): CApplication->run()
#10 {main}
REQUEST_URI=/index.php?r=Book
---
2015/01/27 23:37:30 [error] [exception.CDbException] exception 'CDbException' with message 'Table "book" does not have a column named "0".' in D:\проги\yii-1.1.16.bca042\framework\db\schema\CDbCommandBuilder.php:697
Stack trace:
#0 D:\проги\yii-1.1.16.bca042\framework\db\ar\CActiveRecord.php(1540): CDbCommandBuilder->createColumnCriteria(Object(CMysqlTableSchema), Array, '', Array, '`t`.')
#1 Z:\home\localhost\www\protected\controllers\BookController.php(8): CActiveRecord->findAllByAttributes(Array)
#2 D:\проги\yii-1.1.16.bca042\framework\web\actions\CInlineAction.php(49): BookController->actionIndex()
#3 D:\проги\yii-1.1.16.bca042\framework\web\CController.php(308): CInlineAction->runWithParams(Array)
#4 D:\проги\yii-1.1.16.bca042\framework\web\CController.php(286): CController->runAction(Object(CInlineAction))
#5 D:\проги\yii-1.1.16.bca042\framework\web\CController.php(265): CController->runActionWithFilters(Object(CInlineAction), Array)
#6 D:\проги\yii-1.1.16.bca042\framework\web\CWebApplication.php(282): CController->run('')
#7 D:\проги\yii-1.1.16.bca042\framework\web\CWebApplication.php(141): CWebApplication->runController('Book')
#8 D:\проги\yii-1.1.16.bca042\framework\base\CApplication.php(184): CWebApplication->processRequest()
#9 Z:\home\localhost\www\index.php(13): CApplication->run()
#10 {main}
REQUEST_URI=/index.php?r=Book
---
2015/01/27 23:37:32 [error] [exception.CDbException] exception 'CDbException' with message 'Table "book" does not have a column named "0".' in D:\проги\yii-1.1.16.bca042\framework\db\schema\CDbCommandBuilder.php:697
Stack trace:
#0 D:\проги\yii-1.1.16.bca042\framework\db\ar\CActiveRecord.php(1540): CDbCommandBuilder->createColumnCriteria(Object(CMysqlTableSchema), Array, '', Array, '`t`.')
#1 Z:\home\localhost\www\protected\controllers\BookController.php(8): CActiveRecord->findAllByAttributes(Array)
#2 D:\проги\yii-1.1.16.bca042\framework\web\actions\CInlineAction.php(49): BookController->actionIndex()
#3 D:\проги\yii-1.1.16.bca042\framework\web\CController.php(308): CInlineAction->runWithParams(Array)
#4 D:\проги\yii-1.1.16.bca042\framework\web\CController.php(286): CController->runAction(Object(CInlineAction))
#5 D:\проги\yii-1.1.16.bca042\framework\web\CController.php(265): CController->runActionWithFilters(Object(CInlineAction), Array)
#6 D:\проги\yii-1.1.16.bca042\framework\web\CWebApplication.php(282): CController->run('')
#7 D:\проги\yii-1.1.16.bca042\framework\web\CWebApplication.php(141): CWebApplication->runController('Book')
#8 D:\проги\yii-1.1.16.bca042\framework\base\CApplication.php(184): CWebApplication->processRequest()
#9 Z:\home\localhost\www\index.php(13): CApplication->run()
#10 {main}
REQUEST_URI=/index.php?r=Book
---
2015/01/27 23:38:42 [error] [exception.CDbException] exception 'CDbException' with message 'Table "book" does not have a column named "0".' in D:\проги\yii-1.1.16.bca042\framework\db\schema\CDbCommandBuilder.php:697
Stack trace:
#0 D:\проги\yii-1.1.16.bca042\framework\db\ar\CActiveRecord.php(1540): CDbCommandBuilder->createColumnCriteria(Object(CMysqlTableSchema), Array, '', Array, '`t`.')
#1 Z:\home\localhost\www\protected\controllers\BookController.php(8): CActiveRecord->findAllByAttributes(Array)
#2 D:\проги\yii-1.1.16.bca042\framework\web\actions\CInlineAction.php(49): BookController->actionIndex()
#3 D:\проги\yii-1.1.16.bca042\framework\web\CController.php(308): CInlineAction->runWithParams(Array)
#4 D:\проги\yii-1.1.16.bca042\framework\web\CController.php(286): CController->runAction(Object(CInlineAction))
#5 D:\проги\yii-1.1.16.bca042\framework\web\CController.php(265): CController->runActionWithFilters(Object(CInlineAction), Array)
#6 D:\проги\yii-1.1.16.bca042\framework\web\CWebApplication.php(282): CController->run('')
#7 D:\проги\yii-1.1.16.bca042\framework\web\CWebApplication.php(141): CWebApplication->runController('Book')
#8 D:\проги\yii-1.1.16.bca042\framework\base\CApplication.php(184): CWebApplication->processRequest()
#9 Z:\home\localhost\www\index.php(13): CApplication->run()
#10 {main}
REQUEST_URI=/index.php?r=Book
---
2015/01/27 23:38:44 [error] [exception.CDbException] exception 'CDbException' with message 'Table "book" does not have a column named "0".' in D:\проги\yii-1.1.16.bca042\framework\db\schema\CDbCommandBuilder.php:697
Stack trace:
#0 D:\проги\yii-1.1.16.bca042\framework\db\ar\CActiveRecord.php(1540): CDbCommandBuilder->createColumnCriteria(Object(CMysqlTableSchema), Array, '', Array, '`t`.')
#1 Z:\home\localhost\www\protected\controllers\BookController.php(8): CActiveRecord->findAllByAttributes(Array)
#2 D:\проги\yii-1.1.16.bca042\framework\web\actions\CInlineAction.php(49): BookController->actionIndex()
#3 D:\проги\yii-1.1.16.bca042\framework\web\CController.php(308): CInlineAction->runWithParams(Array)
#4 D:\проги\yii-1.1.16.bca042\framework\web\CController.php(286): CController->runAction(Object(CInlineAction))
#5 D:\проги\yii-1.1.16.bca042\framework\web\CController.php(265): CController->runActionWithFilters(Object(CInlineAction), Array)
#6 D:\проги\yii-1.1.16.bca042\framework\web\CWebApplication.php(282): CController->run('')
#7 D:\проги\yii-1.1.16.bca042\framework\web\CWebApplication.php(141): CWebApplication->runController('Book')
#8 D:\проги\yii-1.1.16.bca042\framework\base\CApplication.php(184): CWebApplication->processRequest()
#9 Z:\home\localhost\www\index.php(13): CApplication->run()
#10 {main}
REQUEST_URI=/index.php?r=Book
---
2015/01/27 23:46:11 [error] [exception.CDbException] exception 'CDbException' with message 'Table "book" does not have a column named "0".' in D:\проги\yii-1.1.16.bca042\framework\db\schema\CDbCommandBuilder.php:697
Stack trace:
#0 D:\проги\yii-1.1.16.bca042\framework\db\ar\CActiveRecord.php(1540): CDbCommandBuilder->createColumnCriteria(Object(CMysqlTableSchema), Array, '', Array, '`t`.')
#1 Z:\home\localhost\www\protected\controllers\BookController.php(8): CActiveRecord->findAllByAttributes(Array)
#2 D:\проги\yii-1.1.16.bca042\framework\web\actions\CInlineAction.php(49): BookController->actionIndex()
#3 D:\проги\yii-1.1.16.bca042\framework\web\CController.php(308): CInlineAction->runWithParams(Array)
#4 D:\проги\yii-1.1.16.bca042\framework\web\CController.php(286): CController->runAction(Object(CInlineAction))
#5 D:\проги\yii-1.1.16.bca042\framework\web\CController.php(265): CController->runActionWithFilters(Object(CInlineAction), Array)
#6 D:\проги\yii-1.1.16.bca042\framework\web\CWebApplication.php(282): CController->run('')
#7 D:\проги\yii-1.1.16.bca042\framework\web\CWebApplication.php(141): CWebApplication->runController('Book')
#8 D:\проги\yii-1.1.16.bca042\framework\base\CApplication.php(184): CWebApplication->processRequest()
#9 Z:\home\localhost\www\index.php(13): CApplication->run()
#10 {main}
REQUEST_URI=/index.php?r=Book
---
2015/01/27 23:46:12 [error] [exception.CDbException] exception 'CDbException' with message 'Table "book" does not have a column named "0".' in D:\проги\yii-1.1.16.bca042\framework\db\schema\CDbCommandBuilder.php:697
Stack trace:
#0 D:\проги\yii-1.1.16.bca042\framework\db\ar\CActiveRecord.php(1540): CDbCommandBuilder->createColumnCriteria(Object(CMysqlTableSchema), Array, '', Array, '`t`.')
#1 Z:\home\localhost\www\protected\controllers\BookController.php(8): CActiveRecord->findAllByAttributes(Array)
#2 D:\проги\yii-1.1.16.bca042\framework\web\actions\CInlineAction.php(49): BookController->actionIndex()
#3 D:\проги\yii-1.1.16.bca042\framework\web\CController.php(308): CInlineAction->runWithParams(Array)
#4 D:\проги\yii-1.1.16.bca042\framework\web\CController.php(286): CController->runAction(Object(CInlineAction))
#5 D:\проги\yii-1.1.16.bca042\framework\web\CController.php(265): CController->runActionWithFilters(Object(CInlineAction), Array)
#6 D:\проги\yii-1.1.16.bca042\framework\web\CWebApplication.php(282): CController->run('')
#7 D:\проги\yii-1.1.16.bca042\framework\web\CWebApplication.php(141): CWebApplication->runController('Book')
#8 D:\проги\yii-1.1.16.bca042\framework\base\CApplication.php(184): CWebApplication->processRequest()
#9 Z:\home\localhost\www\index.php(13): CApplication->run()
#10 {main}
REQUEST_URI=/index.php?r=Book
---
2015/01/27 23:46:27 [error] [php] Missing argument 1 for CActiveRecord::findBySql(), called in Z:\home\localhost\www\protected\controllers\BookController.php on line 8 and defined (D:\проги\yii-1.1.16.bca042\framework\db\ar\CActiveRecord.php:1550)
Stack trace:
#0 D:\проги\yii-1.1.16.bca042\framework\web\CController.php(308): CInlineAction->runWithParams()
#1 D:\проги\yii-1.1.16.bca042\framework\web\CController.php(286): BookController->runAction()
#2 D:\проги\yii-1.1.16.bca042\framework\web\CController.php(265): BookController->runActionWithFilters()
#3 D:\проги\yii-1.1.16.bca042\framework\web\CWebApplication.php(282): BookController->run()
#4 D:\проги\yii-1.1.16.bca042\framework\web\CWebApplication.php(141): CWebApplication->runController()
#5 D:\проги\yii-1.1.16.bca042\framework\base\CApplication.php(184): CWebApplication->processRequest()
#6 Z:\home\localhost\www\index.php(13): CWebApplication->run()
REQUEST_URI=/index.php?r=Book
in Z:\home\localhost\www\protected\controllers\BookController.php (8)
in Z:\home\localhost\www\index.php (13)
2015/01/27 23:46:48 [error] [system.db.CDbCommand] CDbCommand::fetch() failed: SQLSTATE[42000]: Syntax error or access violation: 1064 You have an error in your SQL syntax; check the manual that corresponds to your MySQL server version for the right syntax to use near '1' at line 1. The SQL statement executed was: 1.
in Z:\home\localhost\www\protected\controllers\BookController.php (8)
in Z:\home\localhost\www\index.php (13)
2015/01/27 23:46:48 [error] [exception.CDbException] exception 'CDbException' with message 'CDbCommand failed to execute the SQL statement: SQLSTATE[42000]: Syntax error or access violation: 1064 You have an error in your SQL syntax; check the manual that corresponds to your MySQL server version for the right syntax to use near '1' at line 1. The SQL statement executed was: 1' in D:\проги\yii-1.1.16.bca042\framework\db\CDbCommand.php:543
Stack trace:
#0 D:\проги\yii-1.1.16.bca042\framework\db\CDbCommand.php(415): CDbCommand->queryInternal('fetch', Array, Array)
#1 D:\проги\yii-1.1.16.bca042\framework\db\ar\CActiveRecord.php(1563): CDbCommand->queryRow()
#2 Z:\home\localhost\www\protected\controllers\BookController.php(8): CActiveRecord->findBySql(1)
#3 D:\проги\yii-1.1.16.bca042\framework\web\actions\CInlineAction.php(49): BookController->actionIndex()
#4 D:\проги\yii-1.1.16.bca042\framework\web\CController.php(308): CInlineAction->runWithParams(Array)
#5 D:\проги\yii-1.1.16.bca042\framework\web\CController.php(286): CController->runAction(Object(CInlineAction))
#6 D:\проги\yii-1.1.16.bca042\framework\web\CController.php(265): CController->runActionWithFilters(Object(CInlineAction), Array)
#7 D:\проги\yii-1.1.16.bca042\framework\web\CWebApplication.php(282): CController->run('')
#8 D:\проги\yii-1.1.16.bca042\framework\web\CWebApplication.php(141): CWebApplication->runController('Book')
#9 D:\проги\yii-1.1.16.bca042\framework\base\CApplication.php(184): CWebApplication->processRequest()
#10 Z:\home\localhost\www\index.php(13): CApplication->run()
#11 {main}
REQUEST_URI=/index.php?r=Book
---
2015/01/27 23:47:49 [error] [system.db.CDbCommand] CDbCommand::fetch() failed: SQLSTATE[42000]: Syntax error or access violation: 1064 You have an error in your SQL syntax; check the manual that corresponds to your MySQL server version for the right syntax to use near '1' at line 1. The SQL statement executed was: 1.
in Z:\home\localhost\www\protected\controllers\BookController.php (8)
in Z:\home\localhost\www\index.php (13)
2015/01/27 23:47:49 [error] [exception.CDbException] exception 'CDbException' with message 'CDbCommand failed to execute the SQL statement: SQLSTATE[42000]: Syntax error or access violation: 1064 You have an error in your SQL syntax; check the manual that corresponds to your MySQL server version for the right syntax to use near '1' at line 1. The SQL statement executed was: 1' in D:\проги\yii-1.1.16.bca042\framework\db\CDbCommand.php:543
Stack trace:
#0 D:\проги\yii-1.1.16.bca042\framework\db\CDbCommand.php(415): CDbCommand->queryInternal('fetch', Array, Array)
#1 D:\проги\yii-1.1.16.bca042\framework\db\ar\CActiveRecord.php(1563): CDbCommand->queryRow()
#2 Z:\home\localhost\www\protected\controllers\BookController.php(8): CActiveRecord->findBySql(1)
#3 D:\проги\yii-1.1.16.bca042\framework\web\actions\CInlineAction.php(49): BookController->actionIndex()
#4 D:\проги\yii-1.1.16.bca042\framework\web\CController.php(308): CInlineAction->runWithParams(Array)
#5 D:\проги\yii-1.1.16.bca042\framework\web\CController.php(286): CController->runAction(Object(CInlineAction))
#6 D:\проги\yii-1.1.16.bca042\framework\web\CController.php(265): CController->runActionWithFilters(Object(CInlineAction), Array)
#7 D:\проги\yii-1.1.16.bca042\framework\web\CWebApplication.php(282): CController->run('')
#8 D:\проги\yii-1.1.16.bca042\framework\web\CWebApplication.php(141): CWebApplication->runController('Book')
#9 D:\проги\yii-1.1.16.bca042\framework\base\CApplication.php(184): CWebApplication->processRequest()
#10 Z:\home\localhost\www\index.php(13): CApplication->run()
#11 {main}
REQUEST_URI=/index.php?r=Book
---
2015/01/27 23:47:50 [error] [system.db.CDbCommand] CDbCommand::fetch() failed: SQLSTATE[42000]: Syntax error or access violation: 1064 You have an error in your SQL syntax; check the manual that corresponds to your MySQL server version for the right syntax to use near '1' at line 1. The SQL statement executed was: 1.
in Z:\home\localhost\www\protected\controllers\BookController.php (8)
in Z:\home\localhost\www\index.php (13)
2015/01/27 23:47:50 [error] [exception.CDbException] exception 'CDbException' with message 'CDbCommand failed to execute the SQL statement: SQLSTATE[42000]: Syntax error or access violation: 1064 You have an error in your SQL syntax; check the manual that corresponds to your MySQL server version for the right syntax to use near '1' at line 1. The SQL statement executed was: 1' in D:\проги\yii-1.1.16.bca042\framework\db\CDbCommand.php:543
Stack trace:
#0 D:\проги\yii-1.1.16.bca042\framework\db\CDbCommand.php(415): CDbCommand->queryInternal('fetch', Array, Array)
#1 D:\проги\yii-1.1.16.bca042\framework\db\ar\CActiveRecord.php(1563): CDbCommand->queryRow()
#2 Z:\home\localhost\www\protected\controllers\BookController.php(8): CActiveRecord->findBySql(1)
#3 D:\проги\yii-1.1.16.bca042\framework\web\actions\CInlineAction.php(49): BookController->actionIndex()
#4 D:\проги\yii-1.1.16.bca042\framework\web\CController.php(308): CInlineAction->runWithParams(Array)
#5 D:\проги\yii-1.1.16.bca042\framework\web\CController.php(286): CController->runAction(Object(CInlineAction))
#6 D:\проги\yii-1.1.16.bca042\framework\web\CController.php(265): CController->runActionWithFilters(Object(CInlineAction), Array)
#7 D:\проги\yii-1.1.16.bca042\framework\web\CWebApplication.php(282): CController->run('')
#8 D:\проги\yii-1.1.16.bca042\framework\web\CWebApplication.php(141): CWebApplication->runController('Book')
#9 D:\проги\yii-1.1.16.bca042\framework\base\CApplication.php(184): CWebApplication->processRequest()
#10 Z:\home\localhost\www\index.php(13): CApplication->run()
#11 {main}
REQUEST_URI=/index.php?r=Book
---
2015/01/27 23:47:51 [error] [system.db.CDbCommand] CDbCommand::fetch() failed: SQLSTATE[42000]: Syntax error or access violation: 1064 You have an error in your SQL syntax; check the manual that corresponds to your MySQL server version for the right syntax to use near '1' at line 1. The SQL statement executed was: 1.
in Z:\home\localhost\www\protected\controllers\BookController.php (8)
in Z:\home\localhost\www\index.php (13)
2015/01/27 23:47:51 [error] [exception.CDbException] exception 'CDbException' with message 'CDbCommand failed to execute the SQL statement: SQLSTATE[42000]: Syntax error or access violation: 1064 You have an error in your SQL syntax; check the manual that corresponds to your MySQL server version for the right syntax to use near '1' at line 1. The SQL statement executed was: 1' in D:\проги\yii-1.1.16.bca042\framework\db\CDbCommand.php:543
Stack trace:
#0 D:\проги\yii-1.1.16.bca042\framework\db\CDbCommand.php(415): CDbCommand->queryInternal('fetch', Array, Array)
#1 D:\проги\yii-1.1.16.bca042\framework\db\ar\CActiveRecord.php(1563): CDbCommand->queryRow()
#2 Z:\home\localhost\www\protected\controllers\BookController.php(8): CActiveRecord->findBySql(1)
#3 D:\проги\yii-1.1.16.bca042\framework\web\actions\CInlineAction.php(49): BookController->actionIndex()
#4 D:\проги\yii-1.1.16.bca042\framework\web\CController.php(308): CInlineAction->runWithParams(Array)
#5 D:\проги\yii-1.1.16.bca042\framework\web\CController.php(286): CController->runAction(Object(CInlineAction))
#6 D:\проги\yii-1.1.16.bca042\framework\web\CController.php(265): CController->runActionWithFilters(Object(CInlineAction), Array)
#7 D:\проги\yii-1.1.16.bca042\framework\web\CWebApplication.php(282): CController->run('')
#8 D:\проги\yii-1.1.16.bca042\framework\web\CWebApplication.php(141): CWebApplication->runController('Book')
#9 D:\проги\yii-1.1.16.bca042\framework\base\CApplication.php(184): CWebApplication->processRequest()
#10 Z:\home\localhost\www\index.php(13): CApplication->run()
#11 {main}
REQUEST_URI=/index.php?r=Book
---
2015/01/27 23:50:43 [error] [system.db.CDbCommand] CDbCommand::fetch() failed: SQLSTATE[42000]: Syntax error or access violation: 1064 You have an error in your SQL syntax; check the manual that corresponds to your MySQL server version for the right syntax to use near '{book}} WHERE id=3' at line 1. The SQL statement executed was: SELECT title FROM {{book}} WHERE id=:num.
in Z:\home\localhost\www\protected\controllers\BookController.php (8)
in Z:\home\localhost\www\index.php (13)
2015/01/27 23:50:43 [error] [exception.CDbException] exception 'CDbException' with message 'CDbCommand failed to execute the SQL statement: SQLSTATE[42000]: Syntax error or access violation: 1064 You have an error in your SQL syntax; check the manual that corresponds to your MySQL server version for the right syntax to use near '{book}} WHERE id=3' at line 1. The SQL statement executed was: SELECT title FROM {{book}} WHERE id=:num' in D:\проги\yii-1.1.16.bca042\framework\db\CDbCommand.php:543
Stack trace:
#0 D:\проги\yii-1.1.16.bca042\framework\db\CDbCommand.php(415): CDbCommand->queryInternal('fetch', Array, Array)
#1 D:\проги\yii-1.1.16.bca042\framework\db\ar\CActiveRecord.php(1563): CDbCommand->queryRow()
#2 Z:\home\localhost\www\protected\controllers\BookController.php(8): CActiveRecord->findBySql('SELECT title FR...', Array)
#3 D:\проги\yii-1.1.16.bca042\framework\web\actions\CInlineAction.php(49): BookController->actionIndex()
#4 D:\проги\yii-1.1.16.bca042\framework\web\CController.php(308): CInlineAction->runWithParams(Array)
#5 D:\проги\yii-1.1.16.bca042\framework\web\CController.php(286): CController->runAction(Object(CInlineAction))
#6 D:\проги\yii-1.1.16.bca042\framework\web\CController.php(265): CController->runActionWithFilters(Object(CInlineAction), Array)
#7 D:\проги\yii-1.1.16.bca042\framework\web\CWebApplication.php(282): CController->run('')
#8 D:\проги\yii-1.1.16.bca042\framework\web\CWebApplication.php(141): CWebApplication->runController('Book')
#9 D:\проги\yii-1.1.16.bca042\framework\base\CApplication.php(184): CWebApplication->processRequest()
#10 Z:\home\localhost\www\index.php(13): CApplication->run()
#11 {main}
REQUEST_URI=/index.php?r=Book
---
2015/01/27 23:50:45 [error] [system.db.CDbCommand] CDbCommand::fetch() failed: SQLSTATE[42000]: Syntax error or access violation: 1064 You have an error in your SQL syntax; check the manual that corresponds to your MySQL server version for the right syntax to use near '{book}} WHERE id=3' at line 1. The SQL statement executed was: SELECT title FROM {{book}} WHERE id=:num.
in Z:\home\localhost\www\protected\controllers\BookController.php (8)
in Z:\home\localhost\www\index.php (13)
2015/01/27 23:50:45 [error] [exception.CDbException] exception 'CDbException' with message 'CDbCommand failed to execute the SQL statement: SQLSTATE[42000]: Syntax error or access violation: 1064 You have an error in your SQL syntax; check the manual that corresponds to your MySQL server version for the right syntax to use near '{book}} WHERE id=3' at line 1. The SQL statement executed was: SELECT title FROM {{book}} WHERE id=:num' in D:\проги\yii-1.1.16.bca042\framework\db\CDbCommand.php:543
Stack trace:
#0 D:\проги\yii-1.1.16.bca042\framework\db\CDbCommand.php(415): CDbCommand->queryInternal('fetch', Array, Array)
#1 D:\проги\yii-1.1.16.bca042\framework\db\ar\CActiveRecord.php(1563): CDbCommand->queryRow()
#2 Z:\home\localhost\www\protected\controllers\BookController.php(8): CActiveRecord->findBySql('SELECT title FR...', Array)
#3 D:\проги\yii-1.1.16.bca042\framework\web\actions\CInlineAction.php(49): BookController->actionIndex()
#4 D:\проги\yii-1.1.16.bca042\framework\web\CController.php(308): CInlineAction->runWithParams(Array)
#5 D:\проги\yii-1.1.16.bca042\framework\web\CController.php(286): CController->runAction(Object(CInlineAction))
#6 D:\проги\yii-1.1.16.bca042\framework\web\CController.php(265): CController->runActionWithFilters(Object(CInlineAction), Array)
#7 D:\проги\yii-1.1.16.bca042\framework\web\CWebApplication.php(282): CController->run('')
#8 D:\проги\yii-1.1.16.bca042\framework\web\CWebApplication.php(141): CWebApplication->runController('Book')
#9 D:\проги\yii-1.1.16.bca042\framework\base\CApplication.php(184): CWebApplication->processRequest()
#10 Z:\home\localhost\www\index.php(13): CApplication->run()
#11 {main}
REQUEST_URI=/index.php?r=Book
---
2015/01/27 23:50:45 [error] [system.db.CDbCommand] CDbCommand::fetch() failed: SQLSTATE[42000]: Syntax error or access violation: 1064 You have an error in your SQL syntax; check the manual that corresponds to your MySQL server version for the right syntax to use near '{book}} WHERE id=3' at line 1. The SQL statement executed was: SELECT title FROM {{book}} WHERE id=:num.
in Z:\home\localhost\www\protected\controllers\BookController.php (8)
in Z:\home\localhost\www\index.php (13)
2015/01/27 23:50:45 [error] [exception.CDbException] exception 'CDbException' with message 'CDbCommand failed to execute the SQL statement: SQLSTATE[42000]: Syntax error or access violation: 1064 You have an error in your SQL syntax; check the manual that corresponds to your MySQL server version for the right syntax to use near '{book}} WHERE id=3' at line 1. The SQL statement executed was: SELECT title FROM {{book}} WHERE id=:num' in D:\проги\yii-1.1.16.bca042\framework\db\CDbCommand.php:543
Stack trace:
#0 D:\проги\yii-1.1.16.bca042\framework\db\CDbCommand.php(415): CDbCommand->queryInternal('fetch', Array, Array)
#1 D:\проги\yii-1.1.16.bca042\framework\db\ar\CActiveRecord.php(1563): CDbCommand->queryRow()
#2 Z:\home\localhost\www\protected\controllers\BookController.php(8): CActiveRecord->findBySql('SELECT title FR...', Array)
#3 D:\проги\yii-1.1.16.bca042\framework\web\actions\CInlineAction.php(49): BookController->actionIndex()
#4 D:\проги\yii-1.1.16.bca042\framework\web\CController.php(308): CInlineAction->runWithParams(Array)
#5 D:\проги\yii-1.1.16.bca042\framework\web\CController.php(286): CController->runAction(Object(CInlineAction))
#6 D:\проги\yii-1.1.16.bca042\framework\web\CController.php(265): CController->runActionWithFilters(Object(CInlineAction), Array)
#7 D:\проги\yii-1.1.16.bca042\framework\web\CWebApplication.php(282): CController->run('')
#8 D:\проги\yii-1.1.16.bca042\framework\web\CWebApplication.php(141): CWebApplication->runController('Book')
#9 D:\проги\yii-1.1.16.bca042\framework\base\CApplication.php(184): CWebApplication->processRequest()
#10 Z:\home\localhost\www\index.php(13): CApplication->run()
#11 {main}
REQUEST_URI=/index.php?r=Book
---
2015/01/27 23:50:46 [error] [system.db.CDbCommand] CDbCommand::fetch() failed: SQLSTATE[42000]: Syntax error or access violation: 1064 You have an error in your SQL syntax; check the manual that corresponds to your MySQL server version for the right syntax to use near '{book}} WHERE id=3' at line 1. The SQL statement executed was: SELECT title FROM {{book}} WHERE id=:num.
in Z:\home\localhost\www\protected\controllers\BookController.php (8)
in Z:\home\localhost\www\index.php (13)
2015/01/27 23:50:46 [error] [exception.CDbException] exception 'CDbException' with message 'CDbCommand failed to execute the SQL statement: SQLSTATE[42000]: Syntax error or access violation: 1064 You have an error in your SQL syntax; check the manual that corresponds to your MySQL server version for the right syntax to use near '{book}} WHERE id=3' at line 1. The SQL statement executed was: SELECT title FROM {{book}} WHERE id=:num' in D:\проги\yii-1.1.16.bca042\framework\db\CDbCommand.php:543
Stack trace:
#0 D:\проги\yii-1.1.16.bca042\framework\db\CDbCommand.php(415): CDbCommand->queryInternal('fetch', Array, Array)
#1 D:\проги\yii-1.1.16.bca042\framework\db\ar\CActiveRecord.php(1563): CDbCommand->queryRow()
#2 Z:\home\localhost\www\protected\controllers\BookController.php(8): CActiveRecord->findBySql('SELECT title FR...', Array)
#3 D:\проги\yii-1.1.16.bca042\framework\web\actions\CInlineAction.php(49): BookController->actionIndex()
#4 D:\проги\yii-1.1.16.bca042\framework\web\CController.php(308): CInlineAction->runWithParams(Array)
#5 D:\проги\yii-1.1.16.bca042\framework\web\CController.php(286): CController->runAction(Object(CInlineAction))
#6 D:\проги\yii-1.1.16.bca042\framework\web\CController.php(265): CController->runActionWithFilters(Object(CInlineAction), Array)
#7 D:\проги\yii-1.1.16.bca042\framework\web\CWebApplication.php(282): CController->run('')
#8 D:\проги\yii-1.1.16.bca042\framework\web\CWebApplication.php(141): CWebApplication->runController('Book')
#9 D:\проги\yii-1.1.16.bca042\framework\base\CApplication.php(184): CWebApplication->processRequest()
#10 Z:\home\localhost\www\index.php(13): CApplication->run()
#11 {main}
REQUEST_URI=/index.php?r=Book
---
2015/01/27 23:54:00 [error] [system.db.CDbCommand] CDbCommand::fetch() failed: SQLSTATE[42000]: Syntax error or access violation: 1064 You have an error in your SQL syntax; check the manual that corresponds to your MySQL server version for the right syntax to use near '{book}} WHERE id=3' at line 1. The SQL statement executed was: SELECT title FROM {{book}} WHERE id=:num.
in Z:\home\localhost\www\protected\controllers\BookController.php (8)
in Z:\home\localhost\www\index.php (13)
2015/01/27 23:54:00 [error] [exception.CDbException] exception 'CDbException' with message 'CDbCommand failed to execute the SQL statement: SQLSTATE[42000]: Syntax error or access violation: 1064 You have an error in your SQL syntax; check the manual that corresponds to your MySQL server version for the right syntax to use near '{book}} WHERE id=3' at line 1. The SQL statement executed was: SELECT title FROM {{book}} WHERE id=:num' in D:\проги\yii-1.1.16.bca042\framework\db\CDbCommand.php:543
Stack trace:
#0 D:\проги\yii-1.1.16.bca042\framework\db\CDbCommand.php(415): CDbCommand->queryInternal('fetch', Array, Array)
#1 D:\проги\yii-1.1.16.bca042\framework\db\ar\CActiveRecord.php(1563): CDbCommand->queryRow()
#2 Z:\home\localhost\www\protected\controllers\BookController.php(8): CActiveRecord->findBySql('SELECT title FR...', Array)
#3 D:\проги\yii-1.1.16.bca042\framework\web\actions\CInlineAction.php(49): BookController->actionIndex()
#4 D:\проги\yii-1.1.16.bca042\framework\web\CController.php(308): CInlineAction->runWithParams(Array)
#5 D:\проги\yii-1.1.16.bca042\framework\web\CController.php(286): CController->runAction(Object(CInlineAction))
#6 D:\проги\yii-1.1.16.bca042\framework\web\CController.php(265): CController->runActionWithFilters(Object(CInlineAction), Array)
#7 D:\проги\yii-1.1.16.bca042\framework\web\CWebApplication.php(282): CController->run('')
#8 D:\проги\yii-1.1.16.bca042\framework\web\CWebApplication.php(141): CWebApplication->runController('Book')
#9 D:\проги\yii-1.1.16.bca042\framework\base\CApplication.php(184): CWebApplication->processRequest()
#10 Z:\home\localhost\www\index.php(13): CApplication->run()
#11 {main}
REQUEST_URI=/index.php?r=Book
---
2015/01/27 23:54:02 [error] [system.db.CDbCommand] CDbCommand::fetch() failed: SQLSTATE[42000]: Syntax error or access violation: 1064 You have an error in your SQL syntax; check the manual that corresponds to your MySQL server version for the right syntax to use near '{book}} WHERE id=3' at line 1. The SQL statement executed was: SELECT title FROM {{book}} WHERE id=:num.
in Z:\home\localhost\www\protected\controllers\BookController.php (8)
in Z:\home\localhost\www\index.php (13)
2015/01/27 23:54:02 [error] [exception.CDbException] exception 'CDbException' with message 'CDbCommand failed to execute the SQL statement: SQLSTATE[42000]: Syntax error or access violation: 1064 You have an error in your SQL syntax; check the manual that corresponds to your MySQL server version for the right syntax to use near '{book}} WHERE id=3' at line 1. The SQL statement executed was: SELECT title FROM {{book}} WHERE id=:num' in D:\проги\yii-1.1.16.bca042\framework\db\CDbCommand.php:543
Stack trace:
#0 D:\проги\yii-1.1.16.bca042\framework\db\CDbCommand.php(415): CDbCommand->queryInternal('fetch', Array, Array)
#1 D:\проги\yii-1.1.16.bca042\framework\db\ar\CActiveRecord.php(1563): CDbCommand->queryRow()
#2 Z:\home\localhost\www\protected\controllers\BookController.php(8): CActiveRecord->findBySql('SELECT title FR...', Array)
#3 D:\проги\yii-1.1.16.bca042\framework\web\actions\CInlineAction.php(49): BookController->actionIndex()
#4 D:\проги\yii-1.1.16.bca042\framework\web\CController.php(308): CInlineAction->runWithParams(Array)
#5 D:\проги\yii-1.1.16.bca042\framework\web\CController.php(286): CController->runAction(Object(CInlineAction))
#6 D:\проги\yii-1.1.16.bca042\framework\web\CController.php(265): CController->runActionWithFilters(Object(CInlineAction), Array)
#7 D:\проги\yii-1.1.16.bca042\framework\web\CWebApplication.php(282): CController->run('')
#8 D:\проги\yii-1.1.16.bca042\framework\web\CWebApplication.php(141): CWebApplication->runController('Book')
#9 D:\проги\yii-1.1.16.bca042\framework\base\CApplication.php(184): CWebApplication->processRequest()
#10 Z:\home\localhost\www\index.php(13): CApplication->run()
#11 {main}
REQUEST_URI=/index.php?r=Book
---
2015/01/27 23:58:17 [error] [system.db.CDbCommand] CDbCommand::fetch() failed: SQLSTATE[42000]: Syntax error or access violation: 1064 You have an error in your SQL syntax; check the manual that corresponds to your MySQL server version for the right syntax to use near '}} WHERE id=3' at line 1. The SQL statement executed was: SELECT title FROM {book}} WHERE id=:num.
in Z:\home\localhost\www\protected\controllers\BookController.php (8)
in Z:\home\localhost\www\index.php (13)
2015/01/27 23:58:17 [error] [exception.CDbException] exception 'CDbException' with message 'CDbCommand failed to execute the SQL statement: SQLSTATE[42000]: Syntax error or access violation: 1064 You have an error in your SQL syntax; check the manual that corresponds to your MySQL server version for the right syntax to use near '}} WHERE id=3' at line 1. The SQL statement executed was: SELECT title FROM {book}} WHERE id=:num' in D:\проги\yii-1.1.16.bca042\framework\db\CDbCommand.php:543
Stack trace:
#0 D:\проги\yii-1.1.16.bca042\framework\db\CDbCommand.php(415): CDbCommand->queryInternal('fetch', Array, Array)
#1 D:\проги\yii-1.1.16.bca042\framework\db\ar\CActiveRecord.php(1563): CDbCommand->queryRow()
#2 Z:\home\localhost\www\protected\controllers\BookController.php(8): CActiveRecord->findBySql('SELECT title FR...', Array)
#3 D:\проги\yii-1.1.16.bca042\framework\web\actions\CInlineAction.php(49): BookController->actionIndex()
#4 D:\проги\yii-1.1.16.bca042\framework\web\CController.php(308): CInlineAction->runWithParams(Array)
#5 D:\проги\yii-1.1.16.bca042\framework\web\CController.php(286): CController->runAction(Object(CInlineAction))
#6 D:\проги\yii-1.1.16.bca042\framework\web\CController.php(265): CController->runActionWithFilters(Object(CInlineAction), Array)
#7 D:\проги\yii-1.1.16.bca042\framework\web\CWebApplication.php(282): CController->run('')
#8 D:\проги\yii-1.1.16.bca042\framework\web\CWebApplication.php(141): CWebApplication->runController('Book')
#9 D:\проги\yii-1.1.16.bca042\framework\base\CApplication.php(184): CWebApplication->processRequest()
#10 Z:\home\localhost\www\index.php(13): CApplication->run()
#11 {main}
REQUEST_URI=/index.php?r=Book
---
2015/01/28 00:10:32 [error] [system.db.CDbCommand] CDbCommand::fetch() failed: SQLSTATE[42S22]: Column not found: 1054 Unknown column 'num' in 'where clause'. The SQL statement executed was: SELECT 1 FROM `book` `t` WHERE year<=num LIMIT 1.
in Z:\home\localhost\www\protected\controllers\BookController.php (8)
in Z:\home\localhost\www\index.php (13)
2015/01/28 00:10:32 [error] [exception.CDbException] exception 'CDbException' with message 'CDbCommand failed to execute the SQL statement: SQLSTATE[42S22]: Column not found: 1054 Unknown column 'num' in 'where clause'. The SQL statement executed was: SELECT 1 FROM `book` `t` WHERE year<=num LIMIT 1' in D:\проги\yii-1.1.16.bca042\framework\db\CDbCommand.php:543
Stack trace:
#0 D:\проги\yii-1.1.16.bca042\framework\db\CDbCommand.php(415): CDbCommand->queryInternal('fetch', Array, Array)
#1 D:\проги\yii-1.1.16.bca042\framework\db\ar\CActiveRecord.php(1675): CDbCommand->queryRow()
#2 Z:\home\localhost\www\protected\controllers\BookController.php(8): CActiveRecord->exists('year<=num', Array)
#3 D:\проги\yii-1.1.16.bca042\framework\web\actions\CInlineAction.php(49): BookController->actionIndex()
#4 D:\проги\yii-1.1.16.bca042\framework\web\CController.php(308): CInlineAction->runWithParams(Array)
#5 D:\проги\yii-1.1.16.bca042\framework\web\CController.php(286): CController->runAction(Object(CInlineAction))
#6 D:\проги\yii-1.1.16.bca042\framework\web\CController.php(265): CController->runActionWithFilters(Object(CInlineAction), Array)
#7 D:\проги\yii-1.1.16.bca042\framework\web\CWebApplication.php(282): CController->run('')
#8 D:\проги\yii-1.1.16.bca042\framework\web\CWebApplication.php(141): CWebApplication->runController('Book')
#9 D:\проги\yii-1.1.16.bca042\framework\base\CApplication.php(184): CWebApplication->processRequest()
#10 Z:\home\localhost\www\index.php(13): CApplication->run()
#11 {main}
REQUEST_URI=/index.php?r=Book
---
2015/01/28 00:10:33 [error] [system.db.CDbCommand] CDbCommand::fetch() failed: SQLSTATE[42S22]: Column not found: 1054 Unknown column 'num' in 'where clause'. The SQL statement executed was: SELECT 1 FROM `book` `t` WHERE year<=num LIMIT 1.
in Z:\home\localhost\www\protected\controllers\BookController.php (8)
in Z:\home\localhost\www\index.php (13)
2015/01/28 00:10:33 [error] [exception.CDbException] exception 'CDbException' with message 'CDbCommand failed to execute the SQL statement: SQLSTATE[42S22]: Column not found: 1054 Unknown column 'num' in 'where clause'. The SQL statement executed was: SELECT 1 FROM `book` `t` WHERE year<=num LIMIT 1' in D:\проги\yii-1.1.16.bca042\framework\db\CDbCommand.php:543
Stack trace:
#0 D:\проги\yii-1.1.16.bca042\framework\db\CDbCommand.php(415): CDbCommand->queryInternal('fetch', Array, Array)
#1 D:\проги\yii-1.1.16.bca042\framework\db\ar\CActiveRecord.php(1675): CDbCommand->queryRow()
#2 Z:\home\localhost\www\protected\controllers\BookController.php(8): CActiveRecord->exists('year<=num', Array)
#3 D:\проги\yii-1.1.16.bca042\framework\web\actions\CInlineAction.php(49): BookController->actionIndex()
#4 D:\проги\yii-1.1.16.bca042\framework\web\CController.php(308): CInlineAction->runWithParams(Array)
#5 D:\проги\yii-1.1.16.bca042\framework\web\CController.php(286): CController->runAction(Object(CInlineAction))
#6 D:\проги\yii-1.1.16.bca042\framework\web\CController.php(265): CController->runActionWithFilters(Object(CInlineAction), Array)
#7 D:\проги\yii-1.1.16.bca042\framework\web\CWebApplication.php(282): CController->run('')
#8 D:\проги\yii-1.1.16.bca042\framework\web\CWebApplication.php(141): CWebApplication->runController('Book')
#9 D:\проги\yii-1.1.16.bca042\framework\base\CApplication.php(184): CWebApplication->processRequest()
#10 Z:\home\localhost\www\index.php(13): CApplication->run()
#11 {main}
REQUEST_URI=/index.php?r=Book
---
2015/01/28 00:12:19 [error] [system.db.CDbCommand] CDbCommand::fetch() failed: SQLSTATE[42S22]: Column not found: 1054 Unknown column 'num' in 'where clause'. The SQL statement executed was: SELECT 1 FROM `book` `t` WHERE year<=num LIMIT 1.
in Z:\home\localhost\www\protected\controllers\BookController.php (8)
in Z:\home\localhost\www\index.php (13)
2015/01/28 00:12:19 [error] [exception.CDbException] exception 'CDbException' with message 'CDbCommand failed to execute the SQL statement: SQLSTATE[42S22]: Column not found: 1054 Unknown column 'num' in 'where clause'. The SQL statement executed was: SELECT 1 FROM `book` `t` WHERE year<=num LIMIT 1' in D:\проги\yii-1.1.16.bca042\framework\db\CDbCommand.php:543
Stack trace:
#0 D:\проги\yii-1.1.16.bca042\framework\db\CDbCommand.php(415): CDbCommand->queryInternal('fetch', Array, Array)
#1 D:\проги\yii-1.1.16.bca042\framework\db\ar\CActiveRecord.php(1675): CDbCommand->queryRow()
#2 Z:\home\localhost\www\protected\controllers\BookController.php(8): CActiveRecord->exists('year<=num', Array)
#3 D:\проги\yii-1.1.16.bca042\framework\web\actions\CInlineAction.php(49): BookController->actionIndex()
#4 D:\проги\yii-1.1.16.bca042\framework\web\CController.php(308): CInlineAction->runWithParams(Array)
#5 D:\проги\yii-1.1.16.bca042\framework\web\CController.php(286): CController->runAction(Object(CInlineAction))
#6 D:\проги\yii-1.1.16.bca042\framework\web\CController.php(265): CController->runActionWithFilters(Object(CInlineAction), Array)
#7 D:\проги\yii-1.1.16.bca042\framework\web\CWebApplication.php(282): CController->run('')
#8 D:\проги\yii-1.1.16.bca042\framework\web\CWebApplication.php(141): CWebApplication->runController('Book')
#9 D:\проги\yii-1.1.16.bca042\framework\base\CApplication.php(184): CWebApplication->processRequest()
#10 Z:\home\localhost\www\index.php(13): CApplication->run()
#11 {main}
REQUEST_URI=/index.php?r=Book
---
2015/01/28 00:12:21 [error] [system.db.CDbCommand] CDbCommand::fetch() failed: SQLSTATE[42S22]: Column not found: 1054 Unknown column 'num' in 'where clause'. The SQL statement executed was: SELECT 1 FROM `book` `t` WHERE year<=num LIMIT 1.
in Z:\home\localhost\www\protected\controllers\BookController.php (8)
in Z:\home\localhost\www\index.php (13)
2015/01/28 00:12:21 [error] [exception.CDbException] exception 'CDbException' with message 'CDbCommand failed to execute the SQL statement: SQLSTATE[42S22]: Column not found: 1054 Unknown column 'num' in 'where clause'. The SQL statement executed was: SELECT 1 FROM `book` `t` WHERE year<=num LIMIT 1' in D:\проги\yii-1.1.16.bca042\framework\db\CDbCommand.php:543
Stack trace:
#0 D:\проги\yii-1.1.16.bca042\framework\db\CDbCommand.php(415): CDbCommand->queryInternal('fetch', Array, Array)
#1 D:\проги\yii-1.1.16.bca042\framework\db\ar\CActiveRecord.php(1675): CDbCommand->queryRow()
#2 Z:\home\localhost\www\protected\controllers\BookController.php(8): CActiveRecord->exists('year<=num', Array)
#3 D:\проги\yii-1.1.16.bca042\framework\web\actions\CInlineAction.php(49): BookController->actionIndex()
#4 D:\проги\yii-1.1.16.bca042\framework\web\CController.php(308): CInlineAction->runWithParams(Array)
#5 D:\проги\yii-1.1.16.bca042\framework\web\CController.php(286): CController->runAction(Object(CInlineAction))
#6 D:\проги\yii-1.1.16.bca042\framework\web\CController.php(265): CController->runActionWithFilters(Object(CInlineAction), Array)
#7 D:\проги\yii-1.1.16.bca042\framework\web\CWebApplication.php(282): CController->run('')
#8 D:\проги\yii-1.1.16.bca042\framework\web\CWebApplication.php(141): CWebApplication->runController('Book')
#9 D:\проги\yii-1.1.16.bca042\framework\base\CApplication.php(184): CWebApplication->processRequest()
#10 Z:\home\localhost\www\index.php(13): CApplication->run()
#11 {main}
REQUEST_URI=/index.php?r=Book
---
2015/01/28 00:12:22 [error] [system.db.CDbCommand] CDbCommand::fetch() failed: SQLSTATE[42S22]: Column not found: 1054 Unknown column 'num' in 'where clause'. The SQL statement executed was: SELECT 1 FROM `book` `t` WHERE year<=num LIMIT 1.
in Z:\home\localhost\www\protected\controllers\BookController.php (8)
in Z:\home\localhost\www\index.php (13)
2015/01/28 00:12:22 [error] [exception.CDbException] exception 'CDbException' with message 'CDbCommand failed to execute the SQL statement: SQLSTATE[42S22]: Column not found: 1054 Unknown column 'num' in 'where clause'. The SQL statement executed was: SELECT 1 FROM `book` `t` WHERE year<=num LIMIT 1' in D:\проги\yii-1.1.16.bca042\framework\db\CDbCommand.php:543
Stack trace:
#0 D:\проги\yii-1.1.16.bca042\framework\db\CDbCommand.php(415): CDbCommand->queryInternal('fetch', Array, Array)
#1 D:\проги\yii-1.1.16.bca042\framework\db\ar\CActiveRecord.php(1675): CDbCommand->queryRow()
#2 Z:\home\localhost\www\protected\controllers\BookController.php(8): CActiveRecord->exists('year<=num', Array)
#3 D:\проги\yii-1.1.16.bca042\framework\web\actions\CInlineAction.php(49): BookController->actionIndex()
#4 D:\проги\yii-1.1.16.bca042\framework\web\CController.php(308): CInlineAction->runWithParams(Array)
#5 D:\проги\yii-1.1.16.bca042\framework\web\CController.php(286): CController->runAction(Object(CInlineAction))
#6 D:\проги\yii-1.1.16.bca042\framework\web\CController.php(265): CController->runActionWithFilters(Object(CInlineAction), Array)
#7 D:\проги\yii-1.1.16.bca042\framework\web\CWebApplication.php(282): CController->run('')
#8 D:\проги\yii-1.1.16.bca042\framework\web\CWebApplication.php(141): CWebApplication->runController('Book')
#9 D:\проги\yii-1.1.16.bca042\framework\base\CApplication.php(184): CWebApplication->processRequest()
#10 Z:\home\localhost\www\index.php(13): CApplication->run()
#11 {main}
REQUEST_URI=/index.php?r=Book
---
2015/01/28 19:41:07 [error] [php] get_class() expects parameter 1 to be object, integer given (Z:\home\localhost\www\protected\controllers\UserController.php:8)
Stack trace:
#0 D:\проги\yii-1.1.16.bca042\framework\web\CController.php(308): CInlineAction->runWithParams()
#1 D:\проги\yii-1.1.16.bca042\framework\web\CController.php(286): UserController->runAction()
#2 D:\проги\yii-1.1.16.bca042\framework\web\CController.php(265): UserController->runActionWithFilters()
#3 D:\проги\yii-1.1.16.bca042\framework\web\CWebApplication.php(282): UserController->run()
#4 D:\проги\yii-1.1.16.bca042\framework\web\CWebApplication.php(141): CWebApplication->runController()
#5 D:\проги\yii-1.1.16.bca042\framework\base\CApplication.php(184): CWebApplication->processRequest()
#6 Z:\home\localhost\www\index.php(13): CWebApplication->run()
REQUEST_URI=/index.php?r=user/session
in Z:\home\localhost\www\protected\controllers\UserController.php (8)
in Z:\home\localhost\www\index.php (13)
2015/01/28 19:41:38 [error] [php] get_class() expects parameter 1 to be object, integer given (Z:\home\localhost\www\protected\controllers\UserController.php:8)
Stack trace:
#0 D:\проги\yii-1.1.16.bca042\framework\web\CController.php(308): CInlineAction->runWithParams()
#1 D:\проги\yii-1.1.16.bca042\framework\web\CController.php(286): UserController->runAction()
#2 D:\проги\yii-1.1.16.bca042\framework\web\CController.php(265): UserController->runActionWithFilters()
#3 D:\проги\yii-1.1.16.bca042\framework\web\CWebApplication.php(282): UserController->run()
#4 D:\проги\yii-1.1.16.bca042\framework\web\CWebApplication.php(141): CWebApplication->runController()
#5 D:\проги\yii-1.1.16.bca042\framework\base\CApplication.php(184): CWebApplication->processRequest()
#6 Z:\home\localhost\www\index.php(13): CWebApplication->run()
REQUEST_URI=/index.php?r=user/session
in Z:\home\localhost\www\protected\controllers\UserController.php (8)
in Z:\home\localhost\www\index.php (13)
2015/02/04 19:31:04 [error] [system.db.CDbCommand] CDbCommand::fetchAll() failed: SQLSTATE[42S02]: Base table or view not found: 1146 Table 'max.tbl_migration' doesn't exist. The SQL statement executed was: SHOW FULL COLUMNS FROM `tbl_migration`.
